[2025-12-04 13:20:11] Grover experiment log (n=16) initialized
[2025-12-04 13:20:11] ========== Starting experiment: n=16, it=1000 ==========
[2025-12-04 13:20:11] Iteration 1 - Probability: 0.5, Cumulative time: 0.0437 seconds
[2025-12-04 13:20:11] Iteration 2 - Probability: 0.25, Cumulative time: 0.0864 seconds
[2025-12-04 13:20:11] Iteration 3 - Probability: 0.125, Cumulative time: 0.1773 seconds
[2025-12-04 13:20:11] Iteration 4 - Probability: 0.0625, Cumulative time: 0.3254 seconds
[2025-12-04 13:20:11] Iteration 5 - Probability: 0.03125, Cumulative time: 0.5252 seconds
[2025-12-04 13:20:11] Iteration 6 - Probability: 0.015625, Cumulative time: 0.7827 seconds
[2025-12-04 13:20:12] Iteration 7 - Probability: 0.0078125, Cumulative time: 1.0929 seconds
[2025-12-04 13:20:12] Iteration 8 - Probability: 0.00390625, Cumulative time: 1.4563 seconds
[2025-12-04 13:20:12] Iteration 9 - Probability: 0.001953125, Cumulative time: 1.8734 seconds
[2025-12-04 13:20:13] Iteration 10 - Probability: 0.0009765625, Cumulative time: 2.3540 seconds
[2025-12-04 13:20:13] Iteration 11 - Probability: 0.00048828125, Cumulative time: 2.8816 seconds
[2025-12-04 13:20:14] Iteration 12 - Probability: 0.000244140625, Cumulative time: 3.4726 seconds
[2025-12-04 13:20:15] Iteration 13 - Probability: 0.0001220703125, Cumulative time: 4.1230 seconds
[2025-12-04 13:20:15] Iteration 14 - Probability: 6.103515625e-05, Cumulative time: 4.8276 seconds
[2025-12-04 13:20:16] Iteration 15 - Probability: 3.0517578125e-05, Cumulative time: 5.6293 seconds
[2025-12-04 13:20:17] Iteration 16 - Probability: 1.52587890625e-05, Cumulative time: 6.5950 seconds
[2025-12-04 13:20:18] Iteration 17 - Probability: 7.62939453125e-06, Cumulative time: 7.5242 seconds
[2025-12-04 13:20:19] Iteration 18 - Probability: 3.814697265625e-06, Cumulative time: 8.4949 seconds
[2025-12-04 13:20:20] Iteration 19 - Probability: 1.9073486328125e-06, Cumulative time: 9.5352 seconds
[2025-12-04 13:20:21] Iteration 20 - Probability: 9.5367431640625e-07, Cumulative time: 10.6527 seconds
[2025-12-04 13:20:22] Iteration 21 - Probability: 4.76837158203125e-07, Cumulative time: 11.7743 seconds
[2025-12-04 13:20:24] Iteration 22 - Probability: 2.384185791015625e-07, Cumulative time: 12.9736 seconds
[2025-12-04 13:20:25] Iteration 23 - Probability: 1.1920928955078125e-07, Cumulative time: 14.2243 seconds
[2025-12-04 13:20:26] Iteration 24 - Probability: 5.960464477539063e-08, Cumulative time: 15.5496 seconds
[2025-12-04 13:20:27] Iteration 25 - Probability: 2.9802322387695312e-08, Cumulative time: 16.9298 seconds
[2025-12-04 13:20:29] Iteration 26 - Probability: 1.4901161193847656e-08, Cumulative time: 18.3767 seconds
[2025-12-04 13:20:30] Iteration 27 - Probability: 7.450580596923828e-09, Cumulative time: 19.8670 seconds
[2025-12-04 13:20:32] Iteration 28 - Probability: 3.725290298461914e-09, Cumulative time: 21.4330 seconds
[2025-12-04 13:20:34] Iteration 29 - Probability: 1.862645149230957e-09, Cumulative time: 23.0596 seconds
[2025-12-04 13:20:35] Iteration 30 - Probability: 9.313225746154785e-10, Cumulative time: 24.7591 seconds
[2025-12-04 13:20:37] Iteration 31 - Probability: 4.656612873077393e-10, Cumulative time: 26.5924 seconds
[2025-12-04 13:20:39] Iteration 32 - Probability: 2.3283064365386963e-10, Cumulative time: 28.4449 seconds
[2025-12-04 13:20:41] Iteration 33 - Probability: 1.1641532182693481e-10, Cumulative time: 30.3416 seconds
[2025-12-04 13:20:43] Iteration 34 - Probability: 5.820766091346741e-11, Cumulative time: 32.3099 seconds
[2025-12-04 13:20:45] Iteration 35 - Probability: 2.9103830456733704e-11, Cumulative time: 34.3511 seconds
[2025-12-04 13:20:47] Iteration 36 - Probability: 1.4551915228366852e-11, Cumulative time: 36.5108 seconds
[2025-12-04 13:20:49] Iteration 37 - Probability: 7.275957614183426e-12, Cumulative time: 38.6792 seconds
[2025-12-04 13:20:51] Iteration 38 - Probability: 3.637978807091713e-12, Cumulative time: 40.9298 seconds
[2025-12-04 13:20:54] Iteration 39 - Probability: 1.8189894035458565e-12, Cumulative time: 43.3182 seconds
[2025-12-04 13:20:56] Iteration 40 - Probability: 9.094947017729282e-13, Cumulative time: 45.6972 seconds
[2025-12-04 13:20:59] Iteration 41 - Probability: 4.547473508864641e-13, Cumulative time: 48.1688 seconds
[2025-12-04 13:21:01] Iteration 42 - Probability: 2.2737367544323206e-13, Cumulative time: 50.6873 seconds
[2025-12-04 13:21:04] Iteration 43 - Probability: 1.1368683772161603e-13, Cumulative time: 53.2855 seconds
[2025-12-04 13:21:06] Iteration 44 - Probability: 5.684341886080802e-14, Cumulative time: 55.9354 seconds
[2025-12-04 13:21:09] Iteration 45 - Probability: 2.842170943040401e-14, Cumulative time: 58.7375 seconds
[2025-12-04 13:21:12] Iteration 46 - Probability: 1.4210854715202004e-14, Cumulative time: 61.5651 seconds
[2025-12-04 13:21:15] Iteration 47 - Probability: 7.105427357601002e-15, Cumulative time: 64.4263 seconds
[2025-12-04 13:21:18] Iteration 48 - Probability: 3.552713678800501e-15, Cumulative time: 67.3788 seconds
[2025-12-04 13:21:21] Iteration 49 - Probability: 1.7763568394002505e-15, Cumulative time: 70.3821 seconds
[2025-12-04 13:21:24] Iteration 50 - Probability: 8.881784197001252e-16, Cumulative time: 73.5022 seconds
[2025-12-04 13:21:27] Iteration 51 - Probability: 4.440892098500626e-16, Cumulative time: 76.7573 seconds
[2025-12-04 13:21:31] Iteration 52 - Probability: 2.220446049250313e-16, Cumulative time: 80.0100 seconds
[2025-12-04 13:21:34] Iteration 53 - Probability: 1.1102230246251565e-16, Cumulative time: 83.3479 seconds
[2025-12-04 13:21:37] Iteration 54 - Probability: 5.551115123125783e-17, Cumulative time: 86.7419 seconds
[2025-12-04 13:21:41] Iteration 55 - Probability: 2.7755575615628914e-17, Cumulative time: 90.3183 seconds
[2025-12-04 13:21:44] Iteration 56 - Probability: 1.3877787807814457e-17, Cumulative time: 93.9006 seconds
[2025-12-04 13:21:48] Iteration 57 - Probability: 6.938893903907228e-18, Cumulative time: 97.6001 seconds
[2025-12-04 13:21:52] Iteration 58 - Probability: 3.469446951953614e-18, Cumulative time: 101.3585 seconds
[2025-12-04 13:21:56] Iteration 59 - Probability: 1.734723475976807e-18, Cumulative time: 105.1732 seconds
[2025-12-04 13:22:00] Iteration 60 - Probability: 8.673617379884035e-19, Cumulative time: 109.1231 seconds
[2025-12-04 13:22:04] Iteration 61 - Probability: 4.336808689942018e-19, Cumulative time: 113.1075 seconds
[2025-12-04 13:22:08] Iteration 62 - Probability: 2.168404344971009e-19, Cumulative time: 117.1712 seconds
[2025-12-04 13:22:12] Iteration 63 - Probability: 1.0842021724855044e-19, Cumulative time: 121.3212 seconds
[2025-12-04 13:22:16] Iteration 64 - Probability: 5.421010862427522e-20, Cumulative time: 125.6754 seconds
[2025-12-04 13:22:21] Iteration 65 - Probability: 2.710505431213761e-20, Cumulative time: 129.9850 seconds
[2025-12-04 13:22:25] Iteration 66 - Probability: 1.3552527156068805e-20, Cumulative time: 134.3790 seconds
[2025-12-04 13:22:30] Iteration 67 - Probability: 6.776263578034403e-21, Cumulative time: 139.0037 seconds
[2025-12-04 13:22:34] Iteration 68 - Probability: 3.3881317890172014e-21, Cumulative time: 143.5941 seconds
[2025-12-04 13:22:39] Iteration 69 - Probability: 1.6940658945086007e-21, Cumulative time: 148.2467 seconds
[2025-12-04 13:22:44] Iteration 70 - Probability: 8.470329472543003e-22, Cumulative time: 153.0116 seconds
[2025-12-04 13:22:49] Iteration 71 - Probability: 4.235164736271502e-22, Cumulative time: 157.9751 seconds
[2025-12-04 13:22:53] Iteration 72 - Probability: 2.117582368135751e-22, Cumulative time: 162.9252 seconds
[2025-12-04 13:22:59] Iteration 73 - Probability: 1.0587911840678754e-22, Cumulative time: 168.0098 seconds
[2025-12-04 13:23:04] Iteration 74 - Probability: 5.293955920339377e-23, Cumulative time: 173.1725 seconds
[2025-12-04 13:23:09] Iteration 75 - Probability: 2.6469779601696886e-23, Cumulative time: 178.3815 seconds
[2025-12-04 13:23:14] Iteration 76 - Probability: 1.3234889800848443e-23, Cumulative time: 183.6344 seconds
[2025-12-04 13:23:20] Iteration 77 - Probability: 6.617444900424222e-24, Cumulative time: 189.1114 seconds
[2025-12-04 13:23:25] Iteration 78 - Probability: 3.308722450212111e-24, Cumulative time: 194.6033 seconds
[2025-12-04 13:23:31] Iteration 79 - Probability: 1.6543612251060553e-24, Cumulative time: 200.1596 seconds
[2025-12-04 13:23:36] Iteration 80 - Probability: 8.271806125530277e-25, Cumulative time: 205.9582 seconds
[2025-12-04 13:23:42] Iteration 81 - Probability: 4.1359030627651384e-25, Cumulative time: 211.6813 seconds
[2025-12-04 13:23:48] Iteration 82 - Probability: 2.0679515313825692e-25, Cumulative time: 217.5577 seconds
[2025-12-04 13:23:54] Iteration 83 - Probability: 1.0339757656912846e-25, Cumulative time: 223.5500 seconds
[2025-12-04 13:24:00] Iteration 84 - Probability: 5.169878828456423e-26, Cumulative time: 229.5833 seconds
[2025-12-04 13:24:06] Iteration 85 - Probability: 2.5849394142282115e-26, Cumulative time: 235.7546 seconds
[2025-12-04 13:24:13] Iteration 86 - Probability: 1.2924697071141057e-26, Cumulative time: 242.0485 seconds
[2025-12-04 13:24:19] Iteration 87 - Probability: 6.462348535570529e-27, Cumulative time: 248.3319 seconds
[2025-12-04 13:24:25] Iteration 88 - Probability: 3.2311742677852644e-27, Cumulative time: 254.7911 seconds
[2025-12-04 13:24:32] Iteration 89 - Probability: 1.6155871338926322e-27, Cumulative time: 261.3177 seconds
[2025-12-04 13:24:39] Iteration 90 - Probability: 8.077935669463161e-28, Cumulative time: 268.0073 seconds
[2025-12-04 13:24:45] Iteration 91 - Probability: 4.0389678347315804e-28, Cumulative time: 274.7586 seconds
[2025-12-04 13:24:52] Iteration 92 - Probability: 2.0194839173657902e-28, Cumulative time: 281.6258 seconds
[2025-12-04 13:24:59] Iteration 93 - Probability: 1.0097419586828951e-28, Cumulative time: 288.5088 seconds
[2025-12-04 13:25:06] Iteration 94 - Probability: 5.048709793414476e-29, Cumulative time: 295.4964 seconds
[2025-12-04 13:25:13] Iteration 95 - Probability: 2.524354896707238e-29, Cumulative time: 302.6851 seconds
[2025-12-04 13:25:21] Iteration 96 - Probability: 1.262177448353619e-29, Cumulative time: 310.4804 seconds
[2025-12-04 13:25:29] Iteration 97 - Probability: 6.310887241768095e-30, Cumulative time: 318.1258 seconds
[2025-12-04 13:25:36] Iteration 98 - Probability: 3.1554436208840472e-30, Cumulative time: 325.4857 seconds
[2025-12-04 13:25:44] Iteration 99 - Probability: 1.5777218104420236e-30, Cumulative time: 333.0527 seconds
[2025-12-04 13:25:51] Iteration 100 - Probability: 7.888609052210118e-31, Cumulative time: 340.6689 seconds
[2025-12-04 13:25:59] Iteration 101 - Probability: 3.944304526105059e-31, Cumulative time: 348.4284 seconds
[2025-12-04 13:26:07] Iteration 102 - Probability: 1.9721522630525295e-31, Cumulative time: 356.2479 seconds
[2025-12-04 13:26:15] Iteration 103 - Probability: 9.860761315262648e-32, Cumulative time: 364.2913 seconds
[2025-12-04 13:26:23] Iteration 104 - Probability: 4.930380657631324e-32, Cumulative time: 372.2312 seconds
[2025-12-04 13:26:31] Iteration 105 - Probability: 2.465190328815662e-32, Cumulative time: 380.3973 seconds
[2025-12-04 13:26:39] Iteration 106 - Probability: 1.232595164407831e-32, Cumulative time: 388.6654 seconds
[2025-12-04 13:26:48] Iteration 107 - Probability: 6.162975822039155e-33, Cumulative time: 397.0176 seconds
[2025-12-04 13:26:56] Iteration 108 - Probability: 3.0814879110195774e-33, Cumulative time: 405.4978 seconds
[2025-12-04 13:27:05] Iteration 109 - Probability: 1.5407439555097887e-33, Cumulative time: 414.1985 seconds
[2025-12-04 13:27:13] Iteration 110 - Probability: 7.703719777548943e-34, Cumulative time: 422.8035 seconds
[2025-12-04 13:27:22] Iteration 111 - Probability: 3.851859888774472e-34, Cumulative time: 431.6105 seconds
[2025-12-04 13:27:31] Iteration 112 - Probability: 1.925929944387236e-34, Cumulative time: 440.5439 seconds
[2025-12-04 13:27:40] Iteration 113 - Probability: 9.62964972193618e-35, Cumulative time: 449.5520 seconds
[2025-12-04 13:27:49] Iteration 114 - Probability: 4.81482486096809e-35, Cumulative time: 458.7018 seconds
[2025-12-04 13:27:58] Iteration 115 - Probability: 2.407412430484045e-35, Cumulative time: 467.8991 seconds
[2025-12-04 13:28:08] Iteration 116 - Probability: 1.2037062152420224e-35, Cumulative time: 477.2841 seconds
[2025-12-04 13:28:17] Iteration 117 - Probability: 6.018531076210112e-36, Cumulative time: 486.7274 seconds
[2025-12-04 13:28:27] Iteration 118 - Probability: 3.009265538105056e-36, Cumulative time: 496.4070 seconds
[2025-12-04 13:28:37] Iteration 119 - Probability: 1.504632769052528e-36, Cumulative time: 506.0537 seconds
[2025-12-04 13:28:46] Iteration 120 - Probability: 7.52316384526264e-37, Cumulative time: 515.8294 seconds
[2025-12-04 13:28:56] Iteration 121 - Probability: 3.76158192263132e-37, Cumulative time: 525.9309 seconds
[2025-12-04 13:29:06] Iteration 122 - Probability: 1.88079096131566e-37, Cumulative time: 535.9363 seconds
[2025-12-04 13:29:17] Iteration 123 - Probability: 9.4039548065783e-38, Cumulative time: 546.1400 seconds
[2025-12-04 13:29:27] Iteration 124 - Probability: 4.70197740328915e-38, Cumulative time: 556.4145 seconds
[2025-12-04 13:29:38] Iteration 125 - Probability: 2.350988701644575e-38, Cumulative time: 567.1703 seconds
[2025-12-04 13:29:48] Iteration 126 - Probability: 1.1754943508222875e-38, Cumulative time: 577.6526 seconds
[2025-12-04 13:29:59] Iteration 127 - Probability: 5.877471754111438e-39, Cumulative time: 588.3468 seconds
[2025-12-04 13:30:10] Iteration 128 - Probability: 2.938735877055719e-39, Cumulative time: 599.0229 seconds
[2025-12-04 13:30:21] Iteration 129 - Probability: 1.4693679385278594e-39, Cumulative time: 610.7425 seconds
[2025-12-04 13:30:32] Iteration 130 - Probability: 7.346839692639297e-40, Cumulative time: 621.7283 seconds
[2025-12-04 13:30:43] Iteration 131 - Probability: 3.6734198463196485e-40, Cumulative time: 632.7453 seconds
[2025-12-04 13:30:54] Iteration 132 - Probability: 1.8367099231598242e-40, Cumulative time: 643.8657 seconds
[2025-12-04 13:31:06] Iteration 133 - Probability: 9.183549615799121e-41, Cumulative time: 655.2762 seconds
[2025-12-04 13:31:17] Iteration 134 - Probability: 4.591774807899561e-41, Cumulative time: 666.7067 seconds
[2025-12-04 13:31:29] Iteration 135 - Probability: 2.2958874039497803e-41, Cumulative time: 678.2142 seconds
[2025-12-04 13:31:40] Iteration 136 - Probability: 1.1479437019748901e-41, Cumulative time: 689.9208 seconds
[2025-12-04 13:31:52] Iteration 137 - Probability: 5.739718509874451e-42, Cumulative time: 701.7163 seconds
[2025-12-04 13:32:04] Iteration 138 - Probability: 2.8698592549372254e-42, Cumulative time: 713.4829 seconds
[2025-12-04 13:32:16] Iteration 139 - Probability: 1.4349296274686127e-42, Cumulative time: 725.5168 seconds
[2025-12-04 13:32:28] Iteration 140 - Probability: 7.174648137343064e-43, Cumulative time: 737.6683 seconds
[2025-12-04 13:32:41] Iteration 141 - Probability: 3.587324068671532e-43, Cumulative time: 750.0384 seconds
[2025-12-04 13:32:53] Iteration 142 - Probability: 1.793662034335766e-43, Cumulative time: 762.3626 seconds
[2025-12-04 13:33:05] Iteration 143 - Probability: 8.96831017167883e-44, Cumulative time: 774.8598 seconds
[2025-12-04 13:33:18] Iteration 144 - Probability: 4.484155085839415e-44, Cumulative time: 787.6180 seconds
[2025-12-04 13:33:31] Iteration 145 - Probability: 2.2420775429197073e-44, Cumulative time: 800.4358 seconds
[2025-12-04 13:33:44] Iteration 146 - Probability: 1.1210387714598537e-44, Cumulative time: 813.1948 seconds
[2025-12-04 13:33:57] Iteration 147 - Probability: 5.605193857299268e-45, Cumulative time: 826.2385 seconds
[2025-12-04 13:34:10] Iteration 148 - Probability: 2.802596928649634e-45, Cumulative time: 839.3945 seconds
[2025-12-04 13:34:23] Iteration 149 - Probability: 1.401298464324817e-45, Cumulative time: 852.7698 seconds
[2025-12-04 13:34:37] Iteration 150 - Probability: 7.006492321624085e-46, Cumulative time: 866.1819 seconds
[2025-12-04 13:34:50] Iteration 151 - Probability: 3.503246160812043e-46, Cumulative time: 879.6168 seconds
[2025-12-04 13:35:04] Iteration 152 - Probability: 1.7516230804060213e-46, Cumulative time: 893.2827 seconds
[2025-12-04 13:35:18] Iteration 153 - Probability: 8.758115402030107e-47, Cumulative time: 907.4334 seconds
[2025-12-04 13:35:32] Iteration 154 - Probability: 4.3790577010150533e-47, Cumulative time: 921.2877 seconds
[2025-12-04 13:35:46] Iteration 155 - Probability: 2.1895288505075267e-47, Cumulative time: 935.3212 seconds
[2025-12-04 13:36:00] Iteration 156 - Probability: 1.0947644252537633e-47, Cumulative time: 949.6409 seconds
[2025-12-04 13:36:15] Iteration 157 - Probability: 5.473822126268817e-48, Cumulative time: 964.0838 seconds
[2025-12-04 13:36:29] Iteration 158 - Probability: 2.7369110631344083e-48, Cumulative time: 978.6484 seconds
[2025-12-04 13:36:44] Iteration 159 - Probability: 1.3684555315672042e-48, Cumulative time: 993.1361 seconds
[2025-12-04 13:36:58] Iteration 160 - Probability: 6.842277657836021e-49, Cumulative time: 1007.7700 seconds
[2025-12-04 13:37:13] Iteration 161 - Probability: 3.4211388289180104e-49, Cumulative time: 1022.7685 seconds
[2025-12-04 13:37:28] Iteration 162 - Probability: 1.7105694144590052e-49, Cumulative time: 1037.8115 seconds
[2025-12-04 13:37:44] Iteration 163 - Probability: 8.552847072295026e-50, Cumulative time: 1053.0388 seconds
[2025-12-04 13:37:59] Iteration 164 - Probability: 4.276423536147513e-50, Cumulative time: 1068.3377 seconds
[2025-12-04 13:38:14] Iteration 165 - Probability: 2.1382117680737565e-50, Cumulative time: 1083.8174 seconds
[2025-12-04 13:38:30] Iteration 166 - Probability: 1.0691058840368783e-50, Cumulative time: 1099.3999 seconds
[2025-12-04 13:38:46] Iteration 167 - Probability: 5.345529420184391e-51, Cumulative time: 1115.1195 seconds
[2025-12-04 13:39:02] Iteration 168 - Probability: 2.6727647100921956e-51, Cumulative time: 1131.0011 seconds
[2025-12-04 13:39:18] Iteration 169 - Probability: 1.3363823550460978e-51, Cumulative time: 1147.1496 seconds
[2025-12-04 13:39:34] Iteration 170 - Probability: 6.681911775230489e-52, Cumulative time: 1163.3284 seconds
[2025-12-04 13:39:50] Iteration 171 - Probability: 3.3409558876152446e-52, Cumulative time: 1179.6976 seconds
[2025-12-04 13:40:07] Iteration 172 - Probability: 1.6704779438076223e-52, Cumulative time: 1196.1307 seconds
[2025-12-04 13:40:23] Iteration 173 - Probability: 8.352389719038111e-53, Cumulative time: 1212.9351 seconds
[2025-12-04 13:40:40] Iteration 174 - Probability: 4.176194859519056e-53, Cumulative time: 1229.6638 seconds
[2025-12-04 13:40:57] Iteration 175 - Probability: 2.088097429759528e-53, Cumulative time: 1246.5762 seconds
[2025-12-04 13:41:14] Iteration 176 - Probability: 1.044048714879764e-53, Cumulative time: 1263.6724 seconds
[2025-12-04 13:41:31] Iteration 177 - Probability: 5.22024357439882e-54, Cumulative time: 1280.8060 seconds
[2025-12-04 13:41:49] Iteration 178 - Probability: 2.61012178719941e-54, Cumulative time: 1298.1408 seconds
[2025-12-04 13:42:06] Iteration 179 - Probability: 1.305060893599705e-54, Cumulative time: 1315.5930 seconds
[2025-12-04 13:42:24] Iteration 180 - Probability: 6.525304467998525e-55, Cumulative time: 1333.1993 seconds
[2025-12-04 13:42:42] Iteration 181 - Probability: 3.2626522339992623e-55, Cumulative time: 1351.0611 seconds
[2025-12-04 13:42:59] Iteration 182 - Probability: 1.6313261169996311e-55, Cumulative time: 1368.9207 seconds
[2025-12-04 13:43:18] Iteration 183 - Probability: 8.156630584998156e-56, Cumulative time: 1387.0641 seconds
[2025-12-04 13:43:36] Iteration 184 - Probability: 4.078315292499078e-56, Cumulative time: 1405.2001 seconds
[2025-12-04 13:43:54] Iteration 185 - Probability: 2.039157646249539e-56, Cumulative time: 1423.7751 seconds
[2025-12-04 13:44:13] Iteration 186 - Probability: 1.0195788231247695e-56, Cumulative time: 1442.4057 seconds
[2025-12-04 13:44:31] Iteration 187 - Probability: 5.0978941156238473e-57, Cumulative time: 1460.9644 seconds
[2025-12-04 13:44:50] Iteration 188 - Probability: 2.5489470578119236e-57, Cumulative time: 1479.7211 seconds
[2025-12-04 13:45:09] Iteration 189 - Probability: 1.2744735289059618e-57, Cumulative time: 1498.8717 seconds
[2025-12-04 13:45:28] Iteration 190 - Probability: 6.372367644529809e-58, Cumulative time: 1517.9087 seconds
[2025-12-04 13:45:48] Iteration 191 - Probability: 3.1861838222649046e-58, Cumulative time: 1537.2057 seconds
[2025-12-04 13:46:07] Iteration 192 - Probability: 1.5930919111324523e-58, Cumulative time: 1556.6387 seconds
[2025-12-04 13:46:27] Iteration 193 - Probability: 7.965459555662261e-59, Cumulative time: 1576.3243 seconds
[2025-12-04 13:46:47] Iteration 194 - Probability: 3.982729777831131e-59, Cumulative time: 1596.0408 seconds
[2025-12-04 13:47:07] Iteration 195 - Probability: 1.9913648889155653e-59, Cumulative time: 1616.0231 seconds
[2025-12-04 13:47:27] Iteration 196 - Probability: 9.956824444577827e-60, Cumulative time: 1636.0791 seconds
[2025-12-04 13:47:47] Iteration 197 - Probability: 4.9784122222889134e-60, Cumulative time: 1656.2648 seconds
[2025-12-04 13:48:07] Iteration 198 - Probability: 2.4892061111444567e-60, Cumulative time: 1676.4847 seconds
[2025-12-04 13:48:28] Iteration 199 - Probability: 1.2446030555722283e-60, Cumulative time: 1697.1322 seconds
[2025-12-04 13:48:48] Iteration 200 - Probability: 6.223015277861142e-61, Cumulative time: 1717.8444 seconds
[2025-12-04 13:49:09] Iteration 201 - Probability: 3.111507638930571e-61, Cumulative time: 1738.8817 seconds
[2025-12-04 13:49:30] Iteration 202 - Probability: 1.5557538194652854e-61, Cumulative time: 1759.9547 seconds
[2025-12-04 13:49:52] Iteration 203 - Probability: 7.778769097326427e-62, Cumulative time: 1781.1410 seconds
[2025-12-04 13:50:11] ❌ Runtime exceeds 1800 seconds, terminating current experiment
[2025-12-04 13:50:11] ========== Experiment finished: n=16, it=1000 ==========
[2025-12-04 13:50:11] Experiment status: timeout, Total runtime: 1800.0110 seconds
[2025-12-04 13:50:11] ==================================================
[2025-12-04 13:50:11] Grover experiment (n=16, it=1000) finished
[2025-12-04 13:50:11] ==================================================
