[2026-02-11 23:29:22] Grover experiment log (n=16) initialized
[2026-02-11 23:29:22] ========== Starting experiment: n=16, it=203 ==========
[2026-02-11 23:29:22] Iteration 1 - Probability: 0.5, Cumulative time: 0.0441 seconds
[2026-02-11 23:29:22] Iteration 2 - Probability: 0.25, Cumulative time: 0.0861 seconds
[2026-02-11 23:29:23] Iteration 3 - Probability: 0.125, Cumulative time: 0.1753 seconds
[2026-02-11 23:29:23] Iteration 4 - Probability: 0.0625, Cumulative time: 0.3208 seconds
[2026-02-11 23:29:23] Iteration 5 - Probability: 0.03125, Cumulative time: 0.5122 seconds
[2026-02-11 23:29:23] Iteration 6 - Probability: 0.015625, Cumulative time: 0.8359 seconds
[2026-02-11 23:29:24] Iteration 7 - Probability: 0.0078125, Cumulative time: 1.1658 seconds
[2026-02-11 23:29:24] Iteration 8 - Probability: 0.00390625, Cumulative time: 1.5341 seconds
[2026-02-11 23:29:24] Iteration 9 - Probability: 0.001953125, Cumulative time: 1.9593 seconds
[2026-02-11 23:29:25] Iteration 10 - Probability: 0.0009765625, Cumulative time: 2.4634 seconds
[2026-02-11 23:29:25] Iteration 11 - Probability: 0.00048828125, Cumulative time: 2.9902 seconds
[2026-02-11 23:29:26] Iteration 12 - Probability: 0.000244140625, Cumulative time: 3.5791 seconds
[2026-02-11 23:29:27] Iteration 13 - Probability: 0.0001220703125, Cumulative time: 4.2253 seconds
[2026-02-11 23:29:27] Iteration 14 - Probability: 6.103515625e-05, Cumulative time: 4.9275 seconds
[2026-02-11 23:29:28] Iteration 15 - Probability: 3.0517578125e-05, Cumulative time: 5.6827 seconds
[2026-02-11 23:29:29] Iteration 16 - Probability: 1.52587890625e-05, Cumulative time: 6.5144 seconds
[2026-02-11 23:29:30] Iteration 17 - Probability: 7.62939453125e-06, Cumulative time: 7.4023 seconds
[2026-02-11 23:29:31] Iteration 18 - Probability: 3.814697265625e-06, Cumulative time: 8.3508 seconds
[2026-02-11 23:29:32] Iteration 19 - Probability: 1.9073486328125e-06, Cumulative time: 9.3664 seconds
[2026-02-11 23:29:32] ❌ Runtime exceeds 1800 seconds, terminating current experiment
[2026-02-11 23:29:32] ========== Experiment finished: n=16, it=203 ==========
[2026-02-11 23:29:32] Experiment status: timeout, Total runtime: 10.0047 seconds
[2026-02-11 23:29:32] ==================================================
[2026-02-11 23:29:32] Grover experiment (n=16, it=203) finished
[2026-02-11 23:29:32] ==================================================
