[2026-02-11 23:28:15] Quantum Random Walk experiment log (n=16) initialized
[2026-02-11 23:28:15] ========== Starting experiment: n=16, it=785 ==========
[2026-02-11 23:28:15] Iteration 1 - Probability: 0.5, Cumulative time: 0.0253 seconds
[2026-02-11 23:28:15] Iteration 2 - Probability: 0.5, Cumulative time: 0.0354 seconds
[2026-02-11 23:28:15] Iteration 3 - Probability: 0.375, Cumulative time: 0.0438 seconds
[2026-02-11 23:28:15] Iteration 4 - Probability: 0.375, Cumulative time: 0.0533 seconds
[2026-02-11 23:28:15] Iteration 5 - Probability: 0.375, Cumulative time: 0.0616 seconds
[2026-02-11 23:28:15] Iteration 6 - Probability: 0.375, Cumulative time: 0.0710 seconds
[2026-02-11 23:28:15] Iteration 7 - Probability: 0.3671875, Cumulative time: 0.0822 seconds
[2026-02-11 23:28:15] Iteration 8 - Probability: 0.3671875, Cumulative time: 0.0918 seconds
[2026-02-11 23:28:16] Iteration 9 - Probability: 0.3671875, Cumulative time: 0.1037 seconds
[2026-02-11 23:28:16] Iteration 10 - Probability: 0.3671875, Cumulative time: 0.1150 seconds
[2026-02-11 23:28:16] Iteration 11 - Probability: 0.365234375, Cumulative time: 0.1284 seconds
[2026-02-11 23:28:16] Iteration 12 - Probability: 0.365234375, Cumulative time: 0.1411 seconds
[2026-02-11 23:28:16] Iteration 13 - Probability: 0.365234375, Cumulative time: 0.1548 seconds
[2026-02-11 23:28:16] Iteration 14 - Probability: 0.365234375, Cumulative time: 0.1693 seconds
[2026-02-11 23:28:16] Iteration 15 - Probability: 0.364471435546875, Cumulative time: 0.1849 seconds
[2026-02-11 23:28:16] Iteration 16 - Probability: 0.364471435546875, Cumulative time: 0.2001 seconds
[2026-02-11 23:28:16] Iteration 17 - Probability: 0.364471435546875, Cumulative time: 0.2168 seconds
[2026-02-11 23:28:16] Iteration 18 - Probability: 0.364471435546875, Cumulative time: 0.2340 seconds
[2026-02-11 23:28:16] Iteration 19 - Probability: 0.36409759521484375, Cumulative time: 0.2532 seconds
[2026-02-11 23:28:16] Iteration 20 - Probability: 0.36409759521484375, Cumulative time: 0.2719 seconds
[2026-02-11 23:28:16] Iteration 21 - Probability: 0.36409759521484375, Cumulative time: 0.2914 seconds
[2026-02-11 23:28:16] Iteration 22 - Probability: 0.36409759521484375, Cumulative time: 0.3137 seconds
[2026-02-11 23:28:16] Iteration 23 - Probability: 0.36388731002807617, Cumulative time: 0.3374 seconds
[2026-02-11 23:28:16] Iteration 24 - Probability: 0.36388731002807617, Cumulative time: 0.3623 seconds
[2026-02-11 23:28:16] Iteration 25 - Probability: 0.36388731002807617, Cumulative time: 0.3871 seconds
[2026-02-11 23:28:16] Iteration 26 - Probability: 0.36388731002807617, Cumulative time: 0.4120 seconds
[2026-02-11 23:28:16] Iteration 27 - Probability: 0.36375749111175537, Cumulative time: 0.4372 seconds
[2026-02-11 23:28:16] Iteration 28 - Probability: 0.36375749111175537, Cumulative time: 0.4617 seconds
[2026-02-11 23:28:16] Iteration 29 - Probability: 0.36375749111175537, Cumulative time: 0.4883 seconds
[2026-02-11 23:28:16] Iteration 30 - Probability: 0.36375749111175537, Cumulative time: 0.5154 seconds
[2026-02-11 23:28:16] Iteration 31 - Probability: 0.36367179034277797, Cumulative time: 0.5441 seconds
[2026-02-11 23:28:16] Iteration 32 - Probability: 0.36367179034277797, Cumulative time: 0.5735 seconds
[2026-02-11 23:28:16] Iteration 33 - Probability: 0.36367179034277797, Cumulative time: 0.6030 seconds
[2026-02-11 23:28:16] Iteration 34 - Probability: 0.36367179034277797, Cumulative time: 0.6341 seconds
[2026-02-11 23:28:16] Iteration 35 - Probability: 0.363612275919877, Cumulative time: 0.6672 seconds
[2026-02-11 23:28:16] Iteration 36 - Probability: 0.363612275919877, Cumulative time: 0.7005 seconds
[2026-02-11 23:28:16] Iteration 37 - Probability: 0.363612275919877, Cumulative time: 0.7332 seconds
[2026-02-11 23:28:16] Iteration 38 - Probability: 0.363612275919877, Cumulative time: 0.7705 seconds
[2026-02-11 23:28:16] Iteration 39 - Probability: 0.36356927674933104, Cumulative time: 0.8074 seconds
[2026-02-11 23:28:16] Iteration 40 - Probability: 0.36356927674933104, Cumulative time: 0.8437 seconds
[2026-02-11 23:28:16] Iteration 41 - Probability: 0.36356927674933104, Cumulative time: 0.8802 seconds
[2026-02-11 23:28:16] Iteration 42 - Probability: 0.36356927674933104, Cumulative time: 0.9192 seconds
[2026-02-11 23:28:16] Iteration 43 - Probability: 0.3635372050539445, Cumulative time: 0.9592 seconds
[2026-02-11 23:28:16] Iteration 44 - Probability: 0.3635372050539445, Cumulative time: 1.0005 seconds
[2026-02-11 23:28:16] Iteration 45 - Probability: 0.3635372050539445, Cumulative time: 1.0471 seconds
[2026-02-11 23:28:17] Iteration 46 - Probability: 0.3635372050539445, Cumulative time: 1.1007 seconds
[2026-02-11 23:28:17] Iteration 47 - Probability: 0.36351265016216416, Cumulative time: 1.1475 seconds
[2026-02-11 23:28:17] Iteration 48 - Probability: 0.36351265016216416, Cumulative time: 1.1927 seconds
[2026-02-11 23:28:17] Iteration 49 - Probability: 0.36351265016216416, Cumulative time: 1.2392 seconds
[2026-02-11 23:28:17] Iteration 50 - Probability: 0.36351265016216416, Cumulative time: 1.2857 seconds
[2026-02-11 23:28:17] Iteration 51 - Probability: 0.3634934348696319, Cumulative time: 1.3329 seconds
[2026-02-11 23:28:17] Iteration 52 - Probability: 0.3634934348696319, Cumulative time: 1.3844 seconds
[2026-02-11 23:28:17] Iteration 53 - Probability: 0.3634934348696319, Cumulative time: 1.4342 seconds
[2026-02-11 23:28:17] Iteration 54 - Probability: 0.3634934348696319, Cumulative time: 1.4862 seconds
[2026-02-11 23:28:17] Iteration 55 - Probability: 0.3634781165560699, Cumulative time: 1.5395 seconds
[2026-02-11 23:28:17] Iteration 56 - Probability: 0.3634781165560699, Cumulative time: 1.5931 seconds
[2026-02-11 23:28:17] Iteration 57 - Probability: 0.3634781165560699, Cumulative time: 1.6469 seconds
[2026-02-11 23:28:17] Iteration 58 - Probability: 0.3634781165560699, Cumulative time: 1.7037 seconds
[2026-02-11 23:28:17] Iteration 59 - Probability: 0.3634657087220846, Cumulative time: 1.7586 seconds
[2026-02-11 23:28:17] Iteration 60 - Probability: 0.3634657087220846, Cumulative time: 1.8159 seconds
[2026-02-11 23:28:17] Iteration 61 - Probability: 0.3634657087220846, Cumulative time: 1.8739 seconds
[2026-02-11 23:28:17] Iteration 62 - Probability: 0.3634657087220846, Cumulative time: 1.9351 seconds
[2026-02-11 23:28:17] Iteration 63 - Probability: 0.3634555183037432, Cumulative time: 1.9946 seconds
[2026-02-11 23:28:17] Iteration 64 - Probability: 0.3634555183037432, Cumulative time: 2.0598 seconds
[2026-02-11 23:28:18] Iteration 65 - Probability: 0.3634555183037432, Cumulative time: 2.1255 seconds
[2026-02-11 23:28:18] Iteration 66 - Probability: 0.3634555183037432, Cumulative time: 2.1920 seconds
[2026-02-11 23:28:18] Iteration 67 - Probability: 0.36344704685735385, Cumulative time: 2.2579 seconds
[2026-02-11 23:28:18] Iteration 68 - Probability: 0.36344704685735385, Cumulative time: 2.3261 seconds
[2026-02-11 23:28:18] Iteration 69 - Probability: 0.36344704685735385, Cumulative time: 2.3955 seconds
[2026-02-11 23:28:18] Iteration 70 - Probability: 0.36344704685735385, Cumulative time: 2.4673 seconds
[2026-02-11 23:28:18] Iteration 71 - Probability: 0.36343992848920725, Cumulative time: 2.5395 seconds
[2026-02-11 23:28:18] Iteration 72 - Probability: 0.36343992848920725, Cumulative time: 2.6133 seconds
[2026-02-11 23:28:18] Iteration 73 - Probability: 0.36343992848920725, Cumulative time: 2.6881 seconds
[2026-02-11 23:28:18] Iteration 74 - Probability: 0.36343992848920725, Cumulative time: 2.7641 seconds
[2026-02-11 23:28:18] Iteration 75 - Probability: 0.3634338897073654, Cumulative time: 2.8413 seconds
[2026-02-11 23:28:18] Iteration 76 - Probability: 0.3634338897073654, Cumulative time: 2.9213 seconds
[2026-02-11 23:28:18] Iteration 77 - Probability: 0.3634338897073654, Cumulative time: 3.0022 seconds
[2026-02-11 23:28:18] Iteration 78 - Probability: 0.3634338897073654, Cumulative time: 3.0878 seconds
[2026-02-11 23:28:19] Iteration 79 - Probability: 0.363428722774652, Cumulative time: 3.1695 seconds
[2026-02-11 23:28:19] Iteration 80 - Probability: 0.363428722774652, Cumulative time: 3.2554 seconds
[2026-02-11 23:28:19] Iteration 81 - Probability: 0.363428722774652, Cumulative time: 3.3439 seconds
[2026-02-11 23:28:19] Iteration 82 - Probability: 0.363428722774652, Cumulative time: 3.4340 seconds
[2026-02-11 23:28:19] Iteration 83 - Probability: 0.3634242676132817, Cumulative time: 3.5213 seconds
[2026-02-11 23:28:19] Iteration 84 - Probability: 0.3634242676132817, Cumulative time: 3.6129 seconds
[2026-02-11 23:28:19] Iteration 85 - Probability: 0.3634242676132817, Cumulative time: 3.7050 seconds
[2026-02-11 23:28:19] Iteration 86 - Probability: 0.3634242676132817, Cumulative time: 3.8005 seconds
[2026-02-11 23:28:19] Iteration 87 - Probability: 0.3634203992629391, Cumulative time: 3.8927 seconds
[2026-02-11 23:28:19] Iteration 88 - Probability: 0.3634203992629391, Cumulative time: 3.9894 seconds
[2026-02-11 23:28:19] Iteration 89 - Probability: 0.3634203992629391, Cumulative time: 4.0897 seconds
[2026-02-11 23:28:20] Iteration 90 - Probability: 0.3634203992629391, Cumulative time: 4.1943 seconds
[2026-02-11 23:28:20] Iteration 91 - Probability: 0.3634170190267465, Cumulative time: 4.2966 seconds
[2026-02-11 23:28:20] Iteration 92 - Probability: 0.3634170190267465, Cumulative time: 4.4320 seconds
[2026-02-11 23:28:20] Iteration 93 - Probability: 0.3634170190267465, Cumulative time: 4.5393 seconds
[2026-02-11 23:28:20] Iteration 94 - Probability: 0.3634170190267465, Cumulative time: 4.6479 seconds
[2026-02-11 23:28:20] Iteration 95 - Probability: 0.36341404811603034, Cumulative time: 4.7538 seconds
[2026-02-11 23:28:20] Iteration 96 - Probability: 0.36341404811603034, Cumulative time: 4.8604 seconds
[2026-02-11 23:28:20] Iteration 97 - Probability: 0.36341404811603034, Cumulative time: 4.9809 seconds
[2026-02-11 23:28:21] Iteration 98 - Probability: 0.36341404811603034, Cumulative time: 5.1060 seconds
[2026-02-11 23:28:21] Iteration 99 - Probability: 0.36341142301932156, Cumulative time: 5.2283 seconds
[2026-02-11 23:28:21] Iteration 100 - Probability: 0.36341142301932156, Cumulative time: 5.3578 seconds
[2026-02-11 23:28:21] Iteration 101 - Probability: 0.36341142301932156, Cumulative time: 5.4881 seconds
[2026-02-11 23:28:21] Iteration 102 - Probability: 0.36341142301932156, Cumulative time: 5.6161 seconds
[2026-02-11 23:28:21] Iteration 103 - Probability: 0.36340909208100874, Cumulative time: 5.7481 seconds
[2026-02-11 23:28:21] Iteration 104 - Probability: 0.36340909208100874, Cumulative time: 5.8835 seconds
[2026-02-11 23:28:21] Iteration 105 - Probability: 0.36340909208100874, Cumulative time: 6.0206 seconds
[2026-02-11 23:28:22] Iteration 106 - Probability: 0.36340909208100874, Cumulative time: 6.1578 seconds
[2026-02-11 23:28:22] Iteration 107 - Probability: 0.3634070129415877, Cumulative time: 6.3077 seconds
[2026-02-11 23:28:22] Iteration 108 - Probability: 0.3634070129415877, Cumulative time: 6.4583 seconds
[2026-02-11 23:28:22] Iteration 109 - Probability: 0.3634070129415877, Cumulative time: 6.6093 seconds
[2026-02-11 23:28:22] Iteration 110 - Probability: 0.3634070129415877, Cumulative time: 6.7660 seconds
[2026-02-11 23:28:22] Iteration 111 - Probability: 0.36340515060018674, Cumulative time: 6.9214 seconds
[2026-02-11 23:28:22] Iteration 112 - Probability: 0.36340515060018674, Cumulative time: 7.0816 seconds
[2026-02-11 23:28:23] Iteration 113 - Probability: 0.36340515060018674, Cumulative time: 7.2425 seconds
[2026-02-11 23:28:23] Iteration 114 - Probability: 0.36340515060018674, Cumulative time: 7.4088 seconds
[2026-02-11 23:28:23] Iteration 115 - Probability: 0.36340347593230976, Cumulative time: 7.5728 seconds
[2026-02-11 23:28:23] Iteration 116 - Probability: 0.36340347593230976, Cumulative time: 7.7427 seconds
[2026-02-11 23:28:23] Iteration 117 - Probability: 0.36340347593230976, Cumulative time: 7.9084 seconds
[2026-02-11 23:28:23] Iteration 118 - Probability: 0.36340347593230976, Cumulative time: 8.0866 seconds
[2026-02-11 23:28:24] Iteration 119 - Probability: 0.3634019645445508, Cumulative time: 8.2601 seconds
[2026-02-11 23:28:24] Iteration 120 - Probability: 0.3634019645445508, Cumulative time: 8.4333 seconds
[2026-02-11 23:28:24] Iteration 121 - Probability: 0.3634019645445508, Cumulative time: 8.6074 seconds
[2026-02-11 23:28:24] Iteration 122 - Probability: 0.3634019645445508, Cumulative time: 8.7774 seconds
[2026-02-11 23:28:24] Iteration 123 - Probability: 0.3634005958814944, Cumulative time: 8.9555 seconds
[2026-02-11 23:28:25] Iteration 124 - Probability: 0.3634005958814944, Cumulative time: 9.1368 seconds
[2026-02-11 23:28:25] Iteration 125 - Probability: 0.3634005958814944, Cumulative time: 9.3227 seconds
[2026-02-11 23:28:25] Iteration 126 - Probability: 0.3634005958814944, Cumulative time: 9.5105 seconds
[2026-02-11 23:28:25] Iteration 127 - Probability: 0.36339935252328326, Cumulative time: 9.7018 seconds
[2026-02-11 23:28:25] Iteration 128 - Probability: 0.36339935252328326, Cumulative time: 9.9800 seconds
[2026-02-11 23:28:25] ❌ Runtime exceeds 1800 seconds, terminating current experiment
[2026-02-11 23:28:25] ========== Experiment finished: n=16, it=785 ==========
[2026-02-11 23:28:25] Experiment status: timeout, Total runtime: 10.0070 seconds
[2026-02-11 23:28:25] ==================================================
[2026-02-11 23:28:25] Quantum Random Walk experiment (n=16, it=785) finished
[2026-02-11 23:28:25] ==================================================
