[2025-12-04 15:28:14] Quantum Random Walk experiment log (n=128) initialized
[2025-12-04 15:28:14] ========== Starting experiment: n=128, it=1000 ==========
[2025-12-04 15:28:14] Iteration 1 - Probability: 0.5, Cumulative time: 0.2395 seconds
[2025-12-04 15:28:14] Iteration 2 - Probability: 0.5, Cumulative time: 0.4641 seconds
[2025-12-04 15:28:14] Iteration 3 - Probability: 0.375, Cumulative time: 0.6976 seconds
[2025-12-04 15:28:15] Iteration 4 - Probability: 0.375, Cumulative time: 0.9249 seconds
[2025-12-04 15:28:15] Iteration 5 - Probability: 0.375, Cumulative time: 1.1571 seconds
[2025-12-04 15:28:15] Iteration 6 - Probability: 0.375, Cumulative time: 1.4645 seconds
[2025-12-04 15:28:15] Iteration 7 - Probability: 0.3671875, Cumulative time: 1.7764 seconds
[2025-12-04 15:28:16] Iteration 8 - Probability: 0.3671875, Cumulative time: 2.0841 seconds
[2025-12-04 15:28:16] Iteration 9 - Probability: 0.3671875, Cumulative time: 2.4723 seconds
[2025-12-04 15:28:16] Iteration 10 - Probability: 0.3671875, Cumulative time: 2.8610 seconds
[2025-12-04 15:28:17] Iteration 11 - Probability: 0.365234375, Cumulative time: 3.3360 seconds
[2025-12-04 15:28:17] Iteration 12 - Probability: 0.365234375, Cumulative time: 3.8037 seconds
[2025-12-04 15:28:18] Iteration 13 - Probability: 0.365234375, Cumulative time: 4.3505 seconds
[2025-12-04 15:28:19] Iteration 14 - Probability: 0.365234375, Cumulative time: 4.8952 seconds
[2025-12-04 15:28:19] Iteration 15 - Probability: 0.364471435546875, Cumulative time: 5.5230 seconds
[2025-12-04 15:28:20] Iteration 16 - Probability: 0.364471435546875, Cumulative time: 6.1479 seconds
[2025-12-04 15:28:21] Iteration 17 - Probability: 0.364471435546875, Cumulative time: 7.0300 seconds
[2025-12-04 15:28:21] Iteration 18 - Probability: 0.364471435546875, Cumulative time: 7.7287 seconds
[2025-12-04 15:28:22] Iteration 19 - Probability: 0.36409759521484375, Cumulative time: 8.5444 seconds
[2025-12-04 15:28:23] Iteration 20 - Probability: 0.36409759521484375, Cumulative time: 9.2977 seconds
[2025-12-04 15:28:24] Iteration 21 - Probability: 0.36409759521484375, Cumulative time: 10.1284 seconds
[2025-12-04 15:28:25] Iteration 22 - Probability: 0.36409759521484375, Cumulative time: 10.9495 seconds
[2025-12-04 15:28:25] Iteration 23 - Probability: 0.36388731002807617, Cumulative time: 11.8531 seconds
[2025-12-04 15:28:26] Iteration 24 - Probability: 0.36388731002807617, Cumulative time: 12.7480 seconds
[2025-12-04 15:28:28] Iteration 25 - Probability: 0.36388731002807617, Cumulative time: 14.1248 seconds
[2025-12-04 15:28:29] Iteration 26 - Probability: 0.36388731002807617, Cumulative time: 15.5978 seconds
[2025-12-04 15:28:30] Iteration 27 - Probability: 0.36375749111175537, Cumulative time: 16.6166 seconds
[2025-12-04 15:28:31] Iteration 28 - Probability: 0.36375749111175537, Cumulative time: 17.6509 seconds
[2025-12-04 15:28:32] Iteration 29 - Probability: 0.36375749111175537, Cumulative time: 18.7378 seconds
[2025-12-04 15:28:33] Iteration 30 - Probability: 0.36375749111175537, Cumulative time: 19.8467 seconds
[2025-12-04 15:28:35] Iteration 31 - Probability: 0.36367179034277797, Cumulative time: 21.0563 seconds
[2025-12-04 15:28:36] Iteration 32 - Probability: 0.36367179034277797, Cumulative time: 22.2295 seconds
[2025-12-04 15:28:37] Iteration 33 - Probability: 0.36367179034277797, Cumulative time: 23.5058 seconds
[2025-12-04 15:28:38] Iteration 34 - Probability: 0.36367179034277797, Cumulative time: 24.7170 seconds
[2025-12-04 15:28:40] Iteration 35 - Probability: 0.363612275919877, Cumulative time: 26.1433 seconds
[2025-12-04 15:28:41] Iteration 36 - Probability: 0.363612275919877, Cumulative time: 27.4656 seconds
[2025-12-04 15:28:42] Iteration 37 - Probability: 0.363612275919877, Cumulative time: 28.7754 seconds
[2025-12-04 15:28:44] Iteration 38 - Probability: 0.363612275919877, Cumulative time: 30.2625 seconds
[2025-12-04 15:28:45] Iteration 39 - Probability: 0.36356927674933104, Cumulative time: 31.7508 seconds
[2025-12-04 15:28:47] Iteration 40 - Probability: 0.36356927674933104, Cumulative time: 33.3851 seconds
[2025-12-04 15:28:49] Iteration 41 - Probability: 0.36356927674933104, Cumulative time: 35.2611 seconds
[2025-12-04 15:28:51] Iteration 42 - Probability: 0.36356927674933104, Cumulative time: 37.1206 seconds
[2025-12-04 15:28:53] Iteration 43 - Probability: 0.3635372050539445, Cumulative time: 39.0907 seconds
[2025-12-04 15:28:55] Iteration 44 - Probability: 0.3635372050539445, Cumulative time: 40.9529 seconds
[2025-12-04 15:28:57] Iteration 45 - Probability: 0.3635372050539445, Cumulative time: 42.9533 seconds
[2025-12-04 15:28:59] Iteration 46 - Probability: 0.3635372050539445, Cumulative time: 45.1231 seconds
[2025-12-04 15:29:01] Iteration 47 - Probability: 0.36351265016216416, Cumulative time: 47.0397 seconds
[2025-12-04 15:29:03] Iteration 48 - Probability: 0.36351265016216416, Cumulative time: 49.3073 seconds
[2025-12-04 15:29:05] Iteration 49 - Probability: 0.36351265016216416, Cumulative time: 51.3830 seconds
[2025-12-04 15:29:07] Iteration 50 - Probability: 0.36351265016216416, Cumulative time: 53.8547 seconds
[2025-12-04 15:29:10] Iteration 51 - Probability: 0.3634934348696319, Cumulative time: 56.1623 seconds
[2025-12-04 15:29:12] Iteration 52 - Probability: 0.3634934348696319, Cumulative time: 58.4477 seconds
[2025-12-04 15:29:15] Iteration 53 - Probability: 0.3634934348696319, Cumulative time: 61.2330 seconds
[2025-12-04 15:29:17] Iteration 54 - Probability: 0.3634934348696319, Cumulative time: 63.6606 seconds
[2025-12-04 15:29:20] Iteration 55 - Probability: 0.3634781165560699, Cumulative time: 66.1108 seconds
[2025-12-04 15:29:22] Iteration 56 - Probability: 0.3634781165560699, Cumulative time: 68.4982 seconds
[2025-12-04 15:29:25] Iteration 57 - Probability: 0.3634781165560699, Cumulative time: 71.2750 seconds
[2025-12-04 15:29:27] Iteration 58 - Probability: 0.3634781165560699, Cumulative time: 73.8356 seconds
[2025-12-04 15:29:30] Iteration 59 - Probability: 0.3634657087220846, Cumulative time: 76.8050 seconds
[2025-12-04 15:29:33] Iteration 60 - Probability: 0.3634657087220846, Cumulative time: 79.8094 seconds
[2025-12-04 15:29:37] Iteration 61 - Probability: 0.3634657087220846, Cumulative time: 82.9813 seconds
[2025-12-04 15:29:39] Iteration 62 - Probability: 0.3634657087220846, Cumulative time: 85.7643 seconds
[2025-12-04 15:29:42] Iteration 63 - Probability: 0.3634555183037432, Cumulative time: 88.8435 seconds
[2025-12-04 15:29:45] Iteration 64 - Probability: 0.3634555183037432, Cumulative time: 91.7265 seconds
[2025-12-04 15:29:48] Iteration 65 - Probability: 0.3634555183037432, Cumulative time: 94.6728 seconds
[2025-12-04 15:29:51] Iteration 66 - Probability: 0.3634555183037432, Cumulative time: 97.8410 seconds
[2025-12-04 15:29:55] Iteration 67 - Probability: 0.36344704685735385, Cumulative time: 100.9172 seconds
[2025-12-04 15:29:58] Iteration 68 - Probability: 0.36344704685735385, Cumulative time: 104.3342 seconds
[2025-12-04 15:30:01] Iteration 69 - Probability: 0.36344704685735385, Cumulative time: 107.4271 seconds
[2025-12-04 15:30:04] Iteration 70 - Probability: 0.36344704685735385, Cumulative time: 110.8234 seconds
[2025-12-04 15:30:08] Iteration 71 - Probability: 0.36343992848920725, Cumulative time: 114.3125 seconds
[2025-12-04 15:30:11] Iteration 72 - Probability: 0.36343992848920725, Cumulative time: 117.7412 seconds
[2025-12-04 15:30:15] Iteration 73 - Probability: 0.36343992848920725, Cumulative time: 121.1027 seconds
[2025-12-04 15:30:18] Iteration 74 - Probability: 0.36343992848920725, Cumulative time: 124.6737 seconds
[2025-12-04 15:30:22] Iteration 75 - Probability: 0.3634338897073654, Cumulative time: 128.3344 seconds
[2025-12-04 15:30:26] Iteration 76 - Probability: 0.3634338897073654, Cumulative time: 132.0083 seconds
[2025-12-04 15:30:30] Iteration 77 - Probability: 0.3634338897073654, Cumulative time: 135.9331 seconds
[2025-12-04 15:30:33] Iteration 78 - Probability: 0.3634338897073654, Cumulative time: 139.7839 seconds
[2025-12-04 15:30:38] Iteration 79 - Probability: 0.363428722774652, Cumulative time: 144.1654 seconds
[2025-12-04 15:30:42] Iteration 80 - Probability: 0.363428722774652, Cumulative time: 148.0870 seconds
[2025-12-04 15:30:46] Iteration 81 - Probability: 0.363428722774652, Cumulative time: 152.4676 seconds
[2025-12-04 15:30:50] Iteration 82 - Probability: 0.363428722774652, Cumulative time: 156.5627 seconds
[2025-12-04 15:30:54] Iteration 83 - Probability: 0.3634242676132817, Cumulative time: 160.4633 seconds
[2025-12-04 15:30:59] Iteration 84 - Probability: 0.3634242676132817, Cumulative time: 164.9355 seconds
[2025-12-04 15:31:04] Iteration 85 - Probability: 0.3634242676132817, Cumulative time: 170.2651 seconds
[2025-12-04 15:31:08] Iteration 86 - Probability: 0.3634242676132817, Cumulative time: 174.8271 seconds
[2025-12-04 15:31:13] Iteration 87 - Probability: 0.3634203992629391, Cumulative time: 178.9499 seconds
[2025-12-04 15:31:17] Iteration 88 - Probability: 0.3634203992629391, Cumulative time: 183.5371 seconds
[2025-12-04 15:31:21] Iteration 89 - Probability: 0.3634203992629391, Cumulative time: 187.7069 seconds
[2025-12-04 15:31:26] Iteration 90 - Probability: 0.3634203992629391, Cumulative time: 192.2494 seconds
[2025-12-04 15:31:30] Iteration 91 - Probability: 0.3634170190267465, Cumulative time: 196.6221 seconds
[2025-12-04 15:31:35] Iteration 92 - Probability: 0.3634170190267465, Cumulative time: 201.4418 seconds
[2025-12-04 15:31:39] Iteration 93 - Probability: 0.3634170190267465, Cumulative time: 205.8504 seconds
[2025-12-04 15:31:44] Iteration 94 - Probability: 0.3634170190267465, Cumulative time: 210.4378 seconds
[2025-12-04 15:31:49] Iteration 95 - Probability: 0.36341404811603034, Cumulative time: 215.0219 seconds
[2025-12-04 15:31:54] Iteration 96 - Probability: 0.36341404811603034, Cumulative time: 220.4073 seconds
[2025-12-04 15:31:59] Iteration 97 - Probability: 0.36341404811603034, Cumulative time: 225.1087 seconds
[2025-12-04 15:32:03] Iteration 98 - Probability: 0.36341404811603034, Cumulative time: 229.8026 seconds
[2025-12-04 15:32:08] Iteration 99 - Probability: 0.36341142301932156, Cumulative time: 234.6894 seconds
[2025-12-04 15:32:13] Iteration 100 - Probability: 0.36341142301932156, Cumulative time: 239.4850 seconds
[2025-12-04 15:32:18] Iteration 101 - Probability: 0.36341142301932156, Cumulative time: 244.4736 seconds
[2025-12-04 15:32:24] Iteration 102 - Probability: 0.36341142301932156, Cumulative time: 250.2426 seconds
[2025-12-04 15:32:29] Iteration 103 - Probability: 0.36340909208100874, Cumulative time: 255.2427 seconds
[2025-12-04 15:32:34] Iteration 104 - Probability: 0.36340909208100874, Cumulative time: 260.2298 seconds
[2025-12-04 15:32:39] Iteration 105 - Probability: 0.36340909208100874, Cumulative time: 265.7136 seconds
[2025-12-04 15:32:45] Iteration 106 - Probability: 0.36340909208100874, Cumulative time: 271.2732 seconds
[2025-12-04 15:32:50] Iteration 107 - Probability: 0.3634070129415877, Cumulative time: 276.7175 seconds
[2025-12-04 15:32:56] Iteration 108 - Probability: 0.3634070129415877, Cumulative time: 282.4633 seconds
[2025-12-04 15:33:02] Iteration 109 - Probability: 0.3634070129415877, Cumulative time: 288.0020 seconds
[2025-12-04 15:33:07] Iteration 110 - Probability: 0.3634070129415877, Cumulative time: 293.5543 seconds
[2025-12-04 15:33:13] Iteration 111 - Probability: 0.36340515060018674, Cumulative time: 299.7972 seconds
[2025-12-04 15:33:20] Iteration 112 - Probability: 0.36340515060018674, Cumulative time: 306.2019 seconds
[2025-12-04 15:33:26] Iteration 113 - Probability: 0.36340515060018674, Cumulative time: 312.3296 seconds
[2025-12-04 15:33:32] Iteration 114 - Probability: 0.36340515060018674, Cumulative time: 318.5287 seconds
[2025-12-04 15:33:39] Iteration 115 - Probability: 0.36340347593230976, Cumulative time: 324.8974 seconds
[2025-12-04 15:33:45] Iteration 116 - Probability: 0.36340347593230976, Cumulative time: 331.2088 seconds
[2025-12-04 15:33:51] Iteration 117 - Probability: 0.36340347593230976, Cumulative time: 337.1416 seconds
[2025-12-04 15:33:57] Iteration 118 - Probability: 0.36340347593230976, Cumulative time: 343.1951 seconds
[2025-12-04 15:34:03] Iteration 119 - Probability: 0.3634019645445508, Cumulative time: 349.4226 seconds
[2025-12-04 15:34:09] Iteration 120 - Probability: 0.3634019645445508, Cumulative time: 355.7197 seconds
[2025-12-04 15:34:16] Iteration 121 - Probability: 0.3634019645445508, Cumulative time: 362.2514 seconds
[2025-12-04 15:34:22] Iteration 122 - Probability: 0.3634019645445508, Cumulative time: 368.6290 seconds
[2025-12-04 15:34:29] Iteration 123 - Probability: 0.3634005958814944, Cumulative time: 375.2746 seconds
[2025-12-04 15:34:36] Iteration 124 - Probability: 0.3634005958814944, Cumulative time: 381.9744 seconds
[2025-12-04 15:34:42] Iteration 125 - Probability: 0.3634005958814944, Cumulative time: 388.7928 seconds
[2025-12-04 15:34:49] Iteration 126 - Probability: 0.3634005958814944, Cumulative time: 395.8057 seconds
[2025-12-04 15:34:56] Iteration 127 - Probability: 0.36339935252328326, Cumulative time: 402.3172 seconds
[2025-12-04 15:35:03] Iteration 128 - Probability: 0.36339935252328326, Cumulative time: 409.3938 seconds
[2025-12-04 15:35:10] Iteration 129 - Probability: 0.36339935252328326, Cumulative time: 416.0135 seconds
[2025-12-04 15:35:16] Iteration 130 - Probability: 0.36339935252328326, Cumulative time: 422.8471 seconds
[2025-12-04 15:35:23] Iteration 131 - Probability: 0.3633982196287148, Cumulative time: 429.6417 seconds
[2025-12-04 15:35:30] Iteration 132 - Probability: 0.3633982196287148, Cumulative time: 436.2623 seconds
[2025-12-04 15:35:36] Iteration 133 - Probability: 0.3633982196287148, Cumulative time: 442.8622 seconds
[2025-12-04 15:35:43] Iteration 134 - Probability: 0.3633982196287148, Cumulative time: 449.8107 seconds
[2025-12-04 15:35:51] Iteration 135 - Probability: 0.3633971844904034, Cumulative time: 457.3141 seconds
[2025-12-04 15:35:58] Iteration 136 - Probability: 0.3633971844904034, Cumulative time: 464.7851 seconds
[2025-12-04 15:36:06] Iteration 137 - Probability: 0.3633971844904034, Cumulative time: 472.0253 seconds
[2025-12-04 15:36:13] Iteration 138 - Probability: 0.3633971844904034, Cumulative time: 479.4551 seconds
[2025-12-04 15:36:21] Iteration 139 - Probability: 0.36339623617695865, Cumulative time: 487.7191 seconds
[2025-12-04 15:36:29] Iteration 140 - Probability: 0.36339623617695865, Cumulative time: 495.4853 seconds
[2025-12-04 15:36:37] Iteration 141 - Probability: 0.36339623617695865, Cumulative time: 503.2416 seconds
[2025-12-04 15:36:45] Iteration 142 - Probability: 0.36339623617695865, Cumulative time: 511.0319 seconds
[2025-12-04 15:36:53] Iteration 143 - Probability: 0.3633953652432567, Cumulative time: 519.0954 seconds
[2025-12-04 15:37:01] Iteration 144 - Probability: 0.3633953652432567, Cumulative time: 526.9496 seconds
[2025-12-04 15:37:09] Iteration 145 - Probability: 0.3633953652432567, Cumulative time: 535.3116 seconds
[2025-12-04 15:37:17] Iteration 146 - Probability: 0.3633953652432567, Cumulative time: 543.6564 seconds
[2025-12-04 15:37:26] Iteration 147 - Probability: 0.3633945634943905, Cumulative time: 551.8833 seconds
[2025-12-04 15:37:34] Iteration 148 - Probability: 0.3633945634943905, Cumulative time: 560.3663 seconds
[2025-12-04 15:37:43] Iteration 149 - Probability: 0.3633945634943905, Cumulative time: 569.1450 seconds
[2025-12-04 15:37:52] Iteration 150 - Probability: 0.3633945634943905, Cumulative time: 578.1212 seconds
[2025-12-04 15:38:00] Iteration 151 - Probability: 0.36339382379222496, Cumulative time: 586.0188 seconds
[2025-12-04 15:38:08] Iteration 152 - Probability: 0.36339382379222496, Cumulative time: 594.8143 seconds
[2025-12-04 15:38:18] Iteration 153 - Probability: 0.36339382379222496, Cumulative time: 604.2665 seconds
[2025-12-04 15:38:26] Iteration 154 - Probability: 0.36339382379222496, Cumulative time: 612.5026 seconds
[2025-12-04 15:38:35] Iteration 155 - Probability: 0.36339313989599203, Cumulative time: 621.0518 seconds
[2025-12-04 15:38:43] Iteration 156 - Probability: 0.36339313989599203, Cumulative time: 629.7148 seconds
[2025-12-04 15:38:52] Iteration 157 - Probability: 0.36339313989599203, Cumulative time: 638.7174 seconds
[2025-12-04 15:39:01] Iteration 158 - Probability: 0.36339313989599203, Cumulative time: 647.4785 seconds
[2025-12-04 15:39:10] Iteration 159 - Probability: 0.3633925063302475, Cumulative time: 656.5090 seconds
[2025-12-04 15:39:19] Iteration 160 - Probability: 0.3633925063302475, Cumulative time: 665.7054 seconds
[2025-12-04 15:39:28] Iteration 161 - Probability: 0.3633925063302475, Cumulative time: 674.6880 seconds
[2025-12-04 15:39:38] Iteration 162 - Probability: 0.3633925063302475, Cumulative time: 683.9857 seconds
[2025-12-04 15:39:48] Iteration 163 - Probability: 0.3633919182749513, Cumulative time: 694.0024 seconds
[2025-12-04 15:39:57] Iteration 164 - Probability: 0.3633919182749513, Cumulative time: 703.7019 seconds
[2025-12-04 15:40:07] Iteration 165 - Probability: 0.3633919182749513, Cumulative time: 713.6291 seconds
[2025-12-04 15:40:17] Iteration 166 - Probability: 0.3633919182749513, Cumulative time: 723.7094 seconds
[2025-12-04 15:40:28] Iteration 167 - Probability: 0.3633913714735343, Cumulative time: 733.9619 seconds
[2025-12-04 15:40:38] Iteration 168 - Probability: 0.3633913714735343, Cumulative time: 744.3361 seconds
[2025-12-04 15:40:48] Iteration 169 - Probability: 0.3633913714735343, Cumulative time: 754.7355 seconds
[2025-12-04 15:40:59] Iteration 170 - Probability: 0.3633913714735343, Cumulative time: 765.6686 seconds
[2025-12-04 15:41:10] Iteration 171 - Probability: 0.36339086215566496, Cumulative time: 776.0772 seconds
[2025-12-04 15:41:20] Iteration 172 - Probability: 0.36339086215566496, Cumulative time: 785.9490 seconds
[2025-12-04 15:41:30] Iteration 173 - Probability: 0.36339086215566496, Cumulative time: 796.2334 seconds
[2025-12-04 15:41:40] Iteration 174 - Probability: 0.36339086215566496, Cumulative time: 806.6679 seconds
[2025-12-04 15:41:51] Iteration 175 - Probability: 0.3633903869720898, Cumulative time: 817.5714 seconds
[2025-12-04 15:42:02] Iteration 176 - Probability: 0.3633903869720898, Cumulative time: 828.2404 seconds
[2025-12-04 15:42:12] Iteration 177 - Probability: 0.3633903869720898, Cumulative time: 838.8560 seconds
[2025-12-04 15:42:23] Iteration 178 - Probability: 0.3633903869720898, Cumulative time: 849.8178 seconds
[2025-12-04 15:42:35] Iteration 179 - Probability: 0.3633899429394379, Cumulative time: 861.8597 seconds
[2025-12-04 15:42:47] Iteration 180 - Probability: 0.3633899429394379, Cumulative time: 873.5319 seconds
[2025-12-04 15:42:59] Iteration 181 - Probability: 0.3633899429394379, Cumulative time: 885.1031 seconds
[2025-12-04 15:43:10] Iteration 182 - Probability: 0.3633899429394379, Cumulative time: 896.5526 seconds
[2025-12-04 15:43:21] Iteration 183 - Probability: 0.3633895273932853, Cumulative time: 907.7675 seconds
[2025-12-04 15:43:34] Iteration 184 - Probability: 0.3633895273932853, Cumulative time: 919.8926 seconds
[2025-12-04 15:43:46] Iteration 185 - Probability: 0.3633895273932853, Cumulative time: 932.0605 seconds
[2025-12-04 15:43:58] Iteration 186 - Probability: 0.3633895273932853, Cumulative time: 944.3357 seconds
[2025-12-04 15:44:10] Iteration 187 - Probability: 0.3633891379480963, Cumulative time: 956.8674 seconds
[2025-12-04 15:44:23] Iteration 188 - Probability: 0.3633891379480963, Cumulative time: 969.0517 seconds
[2025-12-04 15:44:35] Iteration 189 - Probability: 0.3633891379480963, Cumulative time: 981.3249 seconds
[2025-12-04 15:44:47] Iteration 190 - Probability: 0.3633891379480963, Cumulative time: 993.2454 seconds
[2025-12-04 15:45:00] Iteration 191 - Probability: 0.36338877246291407, Cumulative time: 1005.8881 seconds
[2025-12-04 15:45:12] Iteration 192 - Probability: 0.36338877246291407, Cumulative time: 1018.4421 seconds
[2025-12-04 15:45:24] Iteration 193 - Probability: 0.36338877246291407, Cumulative time: 1030.2845 seconds
[2025-12-04 15:45:36] Iteration 194 - Probability: 0.36338877246291407, Cumulative time: 1042.1744 seconds
[2025-12-04 15:45:48] Iteration 195 - Probability: 0.363388429011876, Cumulative time: 1054.6095 seconds
[2025-12-04 15:46:01] Iteration 196 - Probability: 0.363388429011876, Cumulative time: 1067.1401 seconds
[2025-12-04 15:46:13] Iteration 197 - Probability: 0.363388429011876, Cumulative time: 1079.7205 seconds
[2025-12-04 15:46:26] Iteration 198 - Probability: 0.363388429011876, Cumulative time: 1092.1169 seconds
[2025-12-04 15:46:39] Iteration 199 - Probability: 0.3633881058587943, Cumulative time: 1105.6424 seconds
[2025-12-04 15:46:52] Iteration 200 - Probability: 0.3633881058587943, Cumulative time: 1118.5006 seconds
[2025-12-04 15:47:05] Iteration 201 - Probability: 0.3633881058587943, Cumulative time: 1131.5767 seconds
[2025-12-04 15:47:20] Iteration 202 - Probability: 0.3633881058587943, Cumulative time: 1146.2723 seconds
[2025-12-04 15:47:33] Iteration 203 - Probability: 0.3633878014351732, Cumulative time: 1159.7071 seconds
[2025-12-04 15:47:46] Iteration 204 - Probability: 0.3633878014351732, Cumulative time: 1172.3867 seconds
[2025-12-04 15:47:59] Iteration 205 - Probability: 0.3633878014351732, Cumulative time: 1185.6133 seconds
[2025-12-04 15:48:12] Iteration 206 - Probability: 0.3633878014351732, Cumulative time: 1198.4234 seconds
[2025-12-04 15:48:25] Iteration 207 - Probability: 0.36338751432114225, Cumulative time: 1211.8322 seconds
[2025-12-04 15:48:39] Iteration 208 - Probability: 0.36338751432114225, Cumulative time: 1225.3436 seconds
[2025-12-04 15:48:53] Iteration 209 - Probability: 0.36338751432114225, Cumulative time: 1239.1213 seconds
[2025-12-04 15:49:07] Iteration 210 - Probability: 0.36338751432114225, Cumulative time: 1252.9176 seconds
[2025-12-04 15:49:21] Iteration 211 - Probability: 0.36338724322887145, Cumulative time: 1266.9911 seconds
[2025-12-04 15:49:34] Iteration 212 - Probability: 0.36338724322887145, Cumulative time: 1279.9043 seconds
[2025-12-04 15:49:47] Iteration 213 - Probability: 0.36338724322887145, Cumulative time: 1293.4915 seconds
[2025-12-04 15:50:00] Iteration 214 - Probability: 0.36338724322887145, Cumulative time: 1306.5949 seconds
[2025-12-04 15:50:14] Iteration 215 - Probability: 0.36338698698810623, Cumulative time: 1320.0410 seconds
[2025-12-04 15:50:28] Iteration 216 - Probability: 0.36338698698810623, Cumulative time: 1334.2573 seconds
[2025-12-04 15:50:42] Iteration 217 - Probability: 0.36338698698810623, Cumulative time: 1348.4244 seconds
[2025-12-04 15:50:56] Iteration 218 - Probability: 0.36338698698810623, Cumulative time: 1362.1451 seconds
[2025-12-04 15:51:10] Iteration 219 - Probability: 0.36338674453351777, Cumulative time: 1376.4489 seconds
[2025-12-04 15:51:25] Iteration 220 - Probability: 0.36338674453351777, Cumulative time: 1390.9663 seconds
[2025-12-04 15:51:39] Iteration 221 - Probability: 0.36338674453351777, Cumulative time: 1405.8064 seconds
[2025-12-04 15:51:55] Iteration 222 - Probability: 0.36338674453351777, Cumulative time: 1420.9752 seconds
[2025-12-04 15:52:10] Iteration 223 - Probability: 0.36338651489361296, Cumulative time: 1436.2527 seconds
[2025-12-04 15:52:25] Iteration 224 - Probability: 0.36338651489361296, Cumulative time: 1451.4681 seconds
[2025-12-04 15:52:41] Iteration 225 - Probability: 0.36338651489361296, Cumulative time: 1467.1421 seconds
[2025-12-04 15:52:56] Iteration 226 - Probability: 0.36338651489361296, Cumulative time: 1482.6478 seconds
[2025-12-04 15:53:12] Iteration 227 - Probability: 0.3633862971809885, Cumulative time: 1498.5994 seconds
[2025-12-04 15:53:29] Iteration 228 - Probability: 0.3633862971809885, Cumulative time: 1515.4982 seconds
[2025-12-04 15:53:46] Iteration 229 - Probability: 0.3633862971809885, Cumulative time: 1532.7133 seconds
[2025-12-04 15:54:04] Iteration 230 - Probability: 0.3633862971809885, Cumulative time: 1550.4633 seconds
[2025-12-04 15:54:21] Iteration 231 - Probability: 0.36338609058374555, Cumulative time: 1567.5625 seconds
[2025-12-04 15:54:39] Iteration 232 - Probability: 0.36338609058374555, Cumulative time: 1585.3580 seconds
[2025-12-04 15:54:57] Iteration 233 - Probability: 0.36338609058374555, Cumulative time: 1603.6856 seconds
[2025-12-04 15:55:15] Iteration 234 - Probability: 0.36338609058374555, Cumulative time: 1621.5819 seconds
[2025-12-04 15:55:33] Iteration 235 - Probability: 0.3633858943579097, Cumulative time: 1638.9769 seconds
[2025-12-04 15:55:50] Iteration 236 - Probability: 0.3633858943579097, Cumulative time: 1656.2002 seconds
[2025-12-04 15:56:07] Iteration 237 - Probability: 0.3633858943579097, Cumulative time: 1673.0376 seconds
[2025-12-04 15:56:23] Iteration 238 - Probability: 0.3633858943579097, Cumulative time: 1689.5925 seconds
[2025-12-04 15:56:40] Iteration 239 - Probability: 0.3633857078207245, Cumulative time: 1706.3864 seconds
[2025-12-04 15:56:57] Iteration 240 - Probability: 0.3633857078207245, Cumulative time: 1723.4143 seconds
[2025-12-04 15:57:14] Iteration 241 - Probability: 0.3633857078207245, Cumulative time: 1740.5973 seconds
[2025-12-04 15:57:31] Iteration 242 - Probability: 0.3633857078207245, Cumulative time: 1757.6722 seconds
[2025-12-04 15:57:49] Iteration 243 - Probability: 0.36338553034470467, Cumulative time: 1775.3111 seconds
[2025-12-04 15:58:07] Iteration 244 - Probability: 0.36338553034470467, Cumulative time: 1792.9340 seconds
[2025-12-04 15:58:14] ❌ Runtime exceeds 1800 seconds, terminating current experiment
[2025-12-04 15:58:14] ========== Experiment finished: n=128, it=1000 ==========
[2025-12-04 15:58:14] Experiment status: timeout, Total runtime: 1800.0162 seconds
[2025-12-04 15:58:14] ==================================================
[2025-12-04 15:58:14] Quantum Random Walk experiment (n=128, it=1000) finished
[2025-12-04 15:58:14] ==================================================
