
[Sim] Starting Simulation (Mode: preset, Qubits: 2)...
[Sim] Simulation Finished Successfully.

[Sim] Starting Simulation (Mode: preset, Qubits: 2)...
[Sim] Simulation Finished Successfully.

[Sim] Starting Simulation (Mode: preset, Qubits: 2)...
[Sim] Simulation Finished Successfully.

[Sim] Starting Simulation (Mode: preset, Qubits: 2)...
[Sim] Simulation Finished Successfully.

[Sim] Starting Simulation (Mode: preset, Qubits: 2)...
[Sim] Simulation Finished Successfully.

[Sim] Starting Simulation (Mode: preset, Qubits: 2)...
[Sim] Simulation Finished Successfully.

[Sim] Starting Simulation (Mode: preset, Qubits: 2)...
[Sim] Simulation Finished Successfully.

[Sim] Starting Simulation (Mode: preset, Qubits: 2)...
[Sim] Simulation Finished Successfully.

[Sim] Starting Simulation (Mode: preset, Qubits: 2)...
[Sim] Simulation Finished Successfully.

[Sim] Starting Simulation (Mode: preset, Qubits: 2)...
[Sim] Simulation Finished Successfully.

[Sim] Starting Simulation (Mode: preset, Qubits: 2)...
[Sim] Simulation Finished Successfully.

[Sim] Starting Simulation (Mode: preset, Qubits: 2)...
[Sim] Simulation Finished Successfully.

[Sim] Starting Simulation (Mode: preset, Qubits: 2)...
[Sim] Simulation Finished Successfully.

[Sim] Starting Simulation (Mode: preset, Qubits: 2)...
[Sim] Simulation Finished Successfully.

[Sim] Starting Simulation (Mode: preset, Qubits: 2)...
[Sim] Simulation Finished Successfully.

[Sim] Starting Simulation (Mode: preset, Qubits: 2)...
[Sim] Simulation Finished Successfully.

[Sim] Starting Simulation (Mode: preset, Qubits: 2)...
[Sim] Simulation Finished Successfully.

[Sim] Starting Simulation (Mode: preset, Qubits: 2)...
[Sim] Simulation Finished Successfully.

[Sim] Starting Simulation (Mode: preset, Qubits: 2)...
[Sim] Simulation Finished Successfully.

[Sim] Starting Simulation (Mode: preset, Qubits: 2)...
[Sim] Simulation Finished Successfully.

[Sim] Starting Simulation (Mode: preset, Qubits: 2)...
[Sim] Simulation Finished Successfully.

[Sim] Starting Simulation (Mode: preset, Qubits: 2)...
[Sim] Simulation Finished Successfully.

[Sim] Starting Simulation (Mode: preset, Qubits: 2)...
[Sim] Simulation Finished Successfully.

[Sim] Starting Simulation (Mode: preset, Qubits: 2)...
[Sim] Simulation Finished Successfully.

[Sim] Starting Simulation (Mode: preset, Qubits: 2)...
[Sim] Simulation Finished Successfully.

[Sim] Starting Simulation (Mode: preset, Qubits: 2)...
[Sim] Simulation Finished Successfully.

[Sim] Starting Simulation (Mode: preset, Qubits: 2)...
[Sim] Simulation Finished Successfully.

[Sim] Starting Simulation (Mode: preset, Qubits: 2)...
[Sim] Simulation Finished Successfully.

[Sim] Starting Simulation (Mode: preset, Qubits: 2)...
[Sim] Simulation Finished Successfully.

[Sim] Starting Simulation (Mode: preset, Qubits: 2)...
[Sim] Simulation Finished Successfully.

[Sim] Starting Simulation (Mode: preset, Qubits: 2)...
[Sim] Simulation Finished Successfully.

[Sim] Starting Simulation (Mode: preset, Qubits: 2)...
[Sim] Simulation Finished Successfully.

[Sim] Starting Simulation (Mode: preset, Qubits: 2)...
[Sim] Simulation Finished Successfully.

[Sim] Starting Simulation (Mode: preset, Qubits: 2)...
[Sim] Simulation Finished Successfully.

[Sim] Starting Simulation (Mode: preset, Qubits: 2)...
[Sim] Simulation Finished Successfully.

[Sim] Starting Simulation (Mode: preset, Qubits: 2)...
[Sim] Simulation Finished Successfully.

[Sim] Starting Simulation (Mode: preset, Qubits: 2)...
[Sim] Simulation Finished Successfully.

[Sim] Starting Simulation (Mode: preset, Qubits: 2)...
[Sim] Simulation Finished Successfully.

[Sim] Starting Simulation (Mode: preset, Qubits: 2)...
[Sim] Simulation Finished Successfully.

[Sim] Starting Simulation (Mode: preset, Qubits: 2)...
[Sim] Simulation Finished Successfully.

[Sim] Starting Simulation (Mode: preset, Qubits: 2)...
[Sim] Simulation Finished Successfully.

[Sim] Starting Simulation (Mode: preset, Qubits: 2)...
[Sim] Simulation Finished Successfully.

[Sim] Starting Simulation (Mode: preset, Qubits: 2)...
[Sim] Simulation Finished Successfully.

[Sim] Starting Simulation (Mode: preset, Qubits: 2)...
[Sim] Simulation Finished Successfully.

[Sim] Starting Simulation (Mode: preset, Qubits: 2)...
[Sim] Simulation Finished Successfully.
[Table5] Saved: /workspace/ae/results/table5.csv
[Table5] k_max=8, repeat_runs=5

[Table5] Preview:
k,ppath,pterm,time_seconds_avg,repeat_runs
0,0.7500000000,0.7500000000,0.028966,5
1,0.1875000000,0.9375000000,0.061513,5
2,0.0468750000,0.9843750000,0.058830,5
3,0.0117187500,0.9960937500,0.055550,5
4,0.0029296875,0.9990234375,0.088314,5
5,0.0007324219,0.9997558594,0.131920,5
6,0.0001831055,0.9999389648,0.186610,5
7,0.0000457764,0.9999847412,0.250612,5
8,0.0000114441,0.9999961853,0.330142,5
