[2026-02-11 09:14:17] Quantum Random Walk experiment log (n=128) initialized
[2026-02-11 09:14:17] ========== Starting experiment: n=128, it=244 ==========
[2026-02-11 09:14:17] Iteration 1 - Probability: 0.5, Cumulative time: 0.2663 seconds
[2026-02-11 09:14:18] Iteration 2 - Probability: 0.5, Cumulative time: 0.5099 seconds
[2026-02-11 09:14:18] Iteration 3 - Probability: 0.375, Cumulative time: 0.7637 seconds
[2026-02-11 09:14:18] Iteration 4 - Probability: 0.375, Cumulative time: 1.0127 seconds
[2026-02-11 09:14:18] Iteration 5 - Probability: 0.375, Cumulative time: 1.2595 seconds
[2026-02-11 09:14:19] Iteration 6 - Probability: 0.375, Cumulative time: 1.5857 seconds
[2026-02-11 09:14:19] Iteration 7 - Probability: 0.3671875, Cumulative time: 1.9316 seconds
[2026-02-11 09:14:19] Iteration 8 - Probability: 0.3671875, Cumulative time: 2.2642 seconds
[2026-02-11 09:14:20] Iteration 9 - Probability: 0.3671875, Cumulative time: 2.6759 seconds
[2026-02-11 09:14:20] Iteration 10 - Probability: 0.3671875, Cumulative time: 3.0932 seconds
[2026-02-11 09:14:21] Iteration 11 - Probability: 0.365234375, Cumulative time: 3.6014 seconds
[2026-02-11 09:14:21] Iteration 12 - Probability: 0.365234375, Cumulative time: 4.1583 seconds
[2026-02-11 09:14:22] Iteration 13 - Probability: 0.365234375, Cumulative time: 4.8092 seconds
[2026-02-11 09:14:22] Iteration 14 - Probability: 0.365234375, Cumulative time: 5.4543 seconds
[2026-02-11 09:14:23] Iteration 15 - Probability: 0.364471435546875, Cumulative time: 6.1236 seconds
[2026-02-11 09:14:24] Iteration 16 - Probability: 0.364471435546875, Cumulative time: 6.7997 seconds
[2026-02-11 09:14:25] Iteration 17 - Probability: 0.364471435546875, Cumulative time: 7.7068 seconds
[2026-02-11 09:14:25] Iteration 18 - Probability: 0.364471435546875, Cumulative time: 8.4498 seconds
[2026-02-11 09:14:26] Iteration 19 - Probability: 0.36409759521484375, Cumulative time: 9.3440 seconds
[2026-02-11 09:14:27] Iteration 20 - Probability: 0.36409759521484375, Cumulative time: 10.1892 seconds
[2026-02-11 09:14:28] Iteration 21 - Probability: 0.36409759521484375, Cumulative time: 11.1054 seconds
[2026-02-11 09:14:29] Iteration 22 - Probability: 0.36409759521484375, Cumulative time: 12.0356 seconds
[2026-02-11 09:14:30] Iteration 23 - Probability: 0.36388731002807617, Cumulative time: 13.0434 seconds
[2026-02-11 09:14:31] Iteration 24 - Probability: 0.36388731002807617, Cumulative time: 14.0297 seconds
[2026-02-11 09:14:33] Iteration 25 - Probability: 0.36388731002807617, Cumulative time: 15.5507 seconds
[2026-02-11 09:14:34] Iteration 26 - Probability: 0.36388731002807617, Cumulative time: 17.2244 seconds
[2026-02-11 09:14:35] Iteration 27 - Probability: 0.36375749111175537, Cumulative time: 18.3816 seconds
[2026-02-11 09:14:37] Iteration 28 - Probability: 0.36375749111175537, Cumulative time: 19.4931 seconds
[2026-02-11 09:14:38] Iteration 29 - Probability: 0.36375749111175537, Cumulative time: 20.6998 seconds
[2026-02-11 09:14:39] Iteration 30 - Probability: 0.36375749111175537, Cumulative time: 21.9135 seconds
[2026-02-11 09:14:40] Iteration 31 - Probability: 0.36367179034277797, Cumulative time: 23.2301 seconds
[2026-02-11 09:14:42] Iteration 32 - Probability: 0.36367179034277797, Cumulative time: 24.5121 seconds
[2026-02-11 09:14:43] Iteration 33 - Probability: 0.36367179034277797, Cumulative time: 25.7861 seconds
[2026-02-11 09:14:44] Iteration 34 - Probability: 0.36367179034277797, Cumulative time: 27.1520 seconds
[2026-02-11 09:14:46] Iteration 35 - Probability: 0.363612275919877, Cumulative time: 28.8314 seconds
[2026-02-11 09:14:47] Iteration 36 - Probability: 0.363612275919877, Cumulative time: 30.3721 seconds
[2026-02-11 09:14:49] Iteration 37 - Probability: 0.363612275919877, Cumulative time: 31.8664 seconds
[2026-02-11 09:14:50] Iteration 38 - Probability: 0.363612275919877, Cumulative time: 33.4486 seconds
[2026-02-11 09:14:52] Iteration 39 - Probability: 0.36356927674933104, Cumulative time: 35.0941 seconds
[2026-02-11 09:14:54] Iteration 40 - Probability: 0.36356927674933104, Cumulative time: 36.8288 seconds
[2026-02-11 09:14:56] Iteration 41 - Probability: 0.36356927674933104, Cumulative time: 38.7407 seconds
[2026-02-11 09:14:58] Iteration 42 - Probability: 0.36356927674933104, Cumulative time: 40.6703 seconds
[2026-02-11 09:15:00] Iteration 43 - Probability: 0.3635372050539445, Cumulative time: 42.5082 seconds
[2026-02-11 09:15:02] Iteration 44 - Probability: 0.3635372050539445, Cumulative time: 44.8938 seconds
[2026-02-11 09:15:04] Iteration 45 - Probability: 0.3635372050539445, Cumulative time: 47.1352 seconds
[2026-02-11 09:15:06] Iteration 46 - Probability: 0.3635372050539445, Cumulative time: 49.4627 seconds
[2026-02-11 09:15:09] Iteration 47 - Probability: 0.36351265016216416, Cumulative time: 51.7308 seconds
[2026-02-11 09:15:11] Iteration 48 - Probability: 0.36351265016216416, Cumulative time: 53.9746 seconds
[2026-02-11 09:15:13] Iteration 49 - Probability: 0.36351265016216416, Cumulative time: 56.2688 seconds
[2026-02-11 09:15:16] Iteration 50 - Probability: 0.36351265016216416, Cumulative time: 58.6268 seconds
[2026-02-11 09:15:18] Iteration 51 - Probability: 0.3634934348696319, Cumulative time: 60.9745 seconds
[2026-02-11 09:15:21] Iteration 52 - Probability: 0.3634934348696319, Cumulative time: 63.5878 seconds
[2026-02-11 09:15:23] Iteration 53 - Probability: 0.3634934348696319, Cumulative time: 66.0441 seconds
[2026-02-11 09:15:26] Iteration 54 - Probability: 0.3634934348696319, Cumulative time: 68.8979 seconds
[2026-02-11 09:15:28] Iteration 55 - Probability: 0.3634781165560699, Cumulative time: 71.3802 seconds
[2026-02-11 09:15:32] Iteration 56 - Probability: 0.3634781165560699, Cumulative time: 74.5386 seconds
[2026-02-11 09:15:35] Iteration 57 - Probability: 0.3634781165560699, Cumulative time: 77.5098 seconds
[2026-02-11 09:15:38] Iteration 58 - Probability: 0.3634781165560699, Cumulative time: 80.7498 seconds
[2026-02-11 09:15:41] Iteration 59 - Probability: 0.3634657087220846, Cumulative time: 83.8613 seconds
[2026-02-11 09:15:45] Iteration 60 - Probability: 0.3634657087220846, Cumulative time: 87.6674 seconds
[2026-02-11 09:15:48] Iteration 61 - Probability: 0.3634657087220846, Cumulative time: 91.0812 seconds
[2026-02-11 09:15:52] Iteration 62 - Probability: 0.3634657087220846, Cumulative time: 95.1170 seconds
[2026-02-11 09:15:56] Iteration 63 - Probability: 0.3634555183037432, Cumulative time: 99.1443 seconds
[2026-02-11 09:16:00] Iteration 64 - Probability: 0.3634555183037432, Cumulative time: 102.6626 seconds
[2026-02-11 09:16:03] Iteration 65 - Probability: 0.3634555183037432, Cumulative time: 106.0842 seconds
[2026-02-11 09:16:07] Iteration 66 - Probability: 0.3634555183037432, Cumulative time: 109.6404 seconds
[2026-02-11 09:16:10] Iteration 67 - Probability: 0.36344704685735385, Cumulative time: 113.3362 seconds
[2026-02-11 09:16:14] Iteration 68 - Probability: 0.36344704685735385, Cumulative time: 117.0746 seconds
[2026-02-11 09:16:18] Iteration 69 - Probability: 0.36344704685735385, Cumulative time: 120.8241 seconds
[2026-02-11 09:16:22] Iteration 70 - Probability: 0.36344704685735385, Cumulative time: 125.0939 seconds
[2026-02-11 09:16:26] Iteration 71 - Probability: 0.36343992848920725, Cumulative time: 128.8549 seconds
[2026-02-11 09:16:30] Iteration 72 - Probability: 0.36343992848920725, Cumulative time: 132.9422 seconds
[2026-02-11 09:16:34] Iteration 73 - Probability: 0.36343992848920725, Cumulative time: 137.2383 seconds
[2026-02-11 09:16:38] Iteration 74 - Probability: 0.36343992848920725, Cumulative time: 141.1492 seconds
[2026-02-11 09:16:42] Iteration 75 - Probability: 0.3634338897073654, Cumulative time: 145.0814 seconds
[2026-02-11 09:16:46] Iteration 76 - Probability: 0.3634338897073654, Cumulative time: 149.3568 seconds
[2026-02-11 09:16:51] Iteration 77 - Probability: 0.3634338897073654, Cumulative time: 153.5154 seconds
[2026-02-11 09:16:55] Iteration 78 - Probability: 0.3634338897073654, Cumulative time: 158.0009 seconds
[2026-02-11 09:17:00] Iteration 79 - Probability: 0.363428722774652, Cumulative time: 162.7083 seconds
[2026-02-11 09:17:05] Iteration 80 - Probability: 0.363428722774652, Cumulative time: 167.8197 seconds
[2026-02-11 09:17:10] Iteration 81 - Probability: 0.363428722774652, Cumulative time: 172.7925 seconds
[2026-02-11 09:17:14] Iteration 82 - Probability: 0.363428722774652, Cumulative time: 177.3744 seconds
[2026-02-11 09:17:19] Iteration 83 - Probability: 0.3634242676132817, Cumulative time: 181.9305 seconds
[2026-02-11 09:17:24] Iteration 84 - Probability: 0.3634242676132817, Cumulative time: 186.8381 seconds
[2026-02-11 09:17:29] Iteration 85 - Probability: 0.3634242676132817, Cumulative time: 191.7738 seconds
[2026-02-11 09:17:34] Iteration 86 - Probability: 0.3634242676132817, Cumulative time: 196.9438 seconds
[2026-02-11 09:17:39] Iteration 87 - Probability: 0.3634203992629391, Cumulative time: 201.8283 seconds
[2026-02-11 09:17:44] Iteration 88 - Probability: 0.3634203992629391, Cumulative time: 206.9569 seconds
[2026-02-11 09:17:49] Iteration 89 - Probability: 0.3634203992629391, Cumulative time: 212.1808 seconds
[2026-02-11 09:17:55] Iteration 90 - Probability: 0.3634203992629391, Cumulative time: 217.8170 seconds
[2026-02-11 09:18:00] Iteration 91 - Probability: 0.3634170190267465, Cumulative time: 223.2479 seconds
[2026-02-11 09:18:06] Iteration 92 - Probability: 0.3634170190267465, Cumulative time: 228.7601 seconds
[2026-02-11 09:18:12] Iteration 93 - Probability: 0.3634170190267465, Cumulative time: 234.6362 seconds
[2026-02-11 09:18:17] Iteration 94 - Probability: 0.3634170190267465, Cumulative time: 240.3702 seconds
[2026-02-11 09:18:23] Iteration 95 - Probability: 0.36341404811603034, Cumulative time: 245.8396 seconds
[2026-02-11 09:18:28] Iteration 96 - Probability: 0.36341404811603034, Cumulative time: 251.2917 seconds
[2026-02-11 09:18:34] Iteration 97 - Probability: 0.36341404811603034, Cumulative time: 256.8499 seconds
[2026-02-11 09:18:40] Iteration 98 - Probability: 0.36341404811603034, Cumulative time: 262.7967 seconds
[2026-02-11 09:18:46] Iteration 99 - Probability: 0.36341142301932156, Cumulative time: 269.3838 seconds
[2026-02-11 09:18:52] Iteration 100 - Probability: 0.36341142301932156, Cumulative time: 275.4396 seconds
[2026-02-11 09:18:59] Iteration 101 - Probability: 0.36341142301932156, Cumulative time: 281.8191 seconds
[2026-02-11 09:19:06] Iteration 102 - Probability: 0.36341142301932156, Cumulative time: 288.7699 seconds
[2026-02-11 09:19:13] Iteration 103 - Probability: 0.36340909208100874, Cumulative time: 295.5128 seconds
[2026-02-11 09:19:19] Iteration 104 - Probability: 0.36340909208100874, Cumulative time: 302.1528 seconds
[2026-02-11 09:19:26] Iteration 105 - Probability: 0.36340909208100874, Cumulative time: 308.7106 seconds
[2026-02-11 09:19:32] Iteration 106 - Probability: 0.36340909208100874, Cumulative time: 315.4116 seconds
[2026-02-11 09:19:39] Iteration 107 - Probability: 0.3634070129415877, Cumulative time: 322.4462 seconds
[2026-02-11 09:19:46] Iteration 108 - Probability: 0.3634070129415877, Cumulative time: 329.0687 seconds
[2026-02-11 09:19:53] Iteration 109 - Probability: 0.3634070129415877, Cumulative time: 336.1527 seconds
[2026-02-11 09:20:00] Iteration 110 - Probability: 0.3634070129415877, Cumulative time: 343.2496 seconds
[2026-02-11 09:20:07] Iteration 111 - Probability: 0.36340515060018674, Cumulative time: 350.1365 seconds
[2026-02-11 09:20:14] Iteration 112 - Probability: 0.36340515060018674, Cumulative time: 356.9272 seconds
[2026-02-11 09:20:21] Iteration 113 - Probability: 0.36340515060018674, Cumulative time: 364.1774 seconds
[2026-02-11 09:20:28] Iteration 114 - Probability: 0.36340515060018674, Cumulative time: 371.2517 seconds
[2026-02-11 09:20:36] Iteration 115 - Probability: 0.36340347593230976, Cumulative time: 378.6432 seconds
[2026-02-11 09:20:43] Iteration 116 - Probability: 0.36340347593230976, Cumulative time: 386.2953 seconds
[2026-02-11 09:20:51] Iteration 117 - Probability: 0.36340347593230976, Cumulative time: 393.8754 seconds
[2026-02-11 09:20:59] Iteration 118 - Probability: 0.36340347593230976, Cumulative time: 401.7186 seconds
[2026-02-11 09:21:07] Iteration 119 - Probability: 0.3634019645445508, Cumulative time: 409.5854 seconds
[2026-02-11 09:21:14] Iteration 120 - Probability: 0.3634019645445508, Cumulative time: 417.1177 seconds
[2026-02-11 09:21:22] Iteration 121 - Probability: 0.3634019645445508, Cumulative time: 425.4442 seconds
[2026-02-11 09:21:31] Iteration 122 - Probability: 0.3634019645445508, Cumulative time: 433.7229 seconds
[2026-02-11 09:21:38] Iteration 123 - Probability: 0.3634005958814944, Cumulative time: 441.4598 seconds
[2026-02-11 09:21:46] Iteration 124 - Probability: 0.3634005958814944, Cumulative time: 449.3953 seconds
[2026-02-11 09:21:55] Iteration 125 - Probability: 0.3634005958814944, Cumulative time: 457.6064 seconds
[2026-02-11 09:22:03] Iteration 126 - Probability: 0.3634005958814944, Cumulative time: 466.0311 seconds
[2026-02-11 09:22:12] Iteration 127 - Probability: 0.36339935252328326, Cumulative time: 474.5612 seconds
[2026-02-11 09:22:20] Iteration 128 - Probability: 0.36339935252328326, Cumulative time: 483.0976 seconds
[2026-02-11 09:22:29] Iteration 129 - Probability: 0.36339935252328326, Cumulative time: 491.7294 seconds
[2026-02-11 09:22:37] Iteration 130 - Probability: 0.36339935252328326, Cumulative time: 499.9896 seconds
[2026-02-11 09:22:45] Iteration 131 - Probability: 0.3633982196287148, Cumulative time: 508.1877 seconds
[2026-02-11 09:22:54] Iteration 132 - Probability: 0.3633982196287148, Cumulative time: 516.8183 seconds
[2026-02-11 09:23:02] Iteration 133 - Probability: 0.3633982196287148, Cumulative time: 525.2835 seconds
[2026-02-11 09:23:11] Iteration 134 - Probability: 0.3633982196287148, Cumulative time: 533.6325 seconds
[2026-02-11 09:23:19] Iteration 135 - Probability: 0.3633971844904034, Cumulative time: 542.0193 seconds
[2026-02-11 09:23:28] Iteration 136 - Probability: 0.3633971844904034, Cumulative time: 550.7701 seconds
[2026-02-11 09:23:37] Iteration 137 - Probability: 0.3633971844904034, Cumulative time: 559.6053 seconds
[2026-02-11 09:23:46] Iteration 138 - Probability: 0.3633971844904034, Cumulative time: 568.6149 seconds
[2026-02-11 09:23:55] Iteration 139 - Probability: 0.36339623617695865, Cumulative time: 577.5228 seconds
[2026-02-11 09:24:04] Iteration 140 - Probability: 0.36339623617695865, Cumulative time: 586.6081 seconds
[2026-02-11 09:24:12] Iteration 141 - Probability: 0.36339623617695865, Cumulative time: 595.1656 seconds
[2026-02-11 09:24:22] Iteration 142 - Probability: 0.36339623617695865, Cumulative time: 605.0406 seconds
[2026-02-11 09:24:32] Iteration 143 - Probability: 0.3633953652432567, Cumulative time: 614.7570 seconds
[2026-02-11 09:24:41] Iteration 144 - Probability: 0.3633953652432567, Cumulative time: 623.9504 seconds
[2026-02-11 09:24:50] Iteration 145 - Probability: 0.3633953652432567, Cumulative time: 633.0959 seconds
[2026-02-11 09:25:00] Iteration 146 - Probability: 0.3633953652432567, Cumulative time: 642.9411 seconds
[2026-02-11 09:25:10] Iteration 147 - Probability: 0.3633945634943905, Cumulative time: 652.5274 seconds
[2026-02-11 09:25:20] Iteration 148 - Probability: 0.3633945634943905, Cumulative time: 662.6003 seconds
[2026-02-11 09:25:30] Iteration 149 - Probability: 0.3633945634943905, Cumulative time: 672.7752 seconds
[2026-02-11 09:25:40] Iteration 150 - Probability: 0.3633945634943905, Cumulative time: 682.7508 seconds
[2026-02-11 09:25:50] Iteration 151 - Probability: 0.36339382379222496, Cumulative time: 692.6708 seconds
[2026-02-11 09:26:00] Iteration 152 - Probability: 0.36339382379222496, Cumulative time: 703.2787 seconds
[2026-02-11 09:26:11] Iteration 153 - Probability: 0.36339382379222496, Cumulative time: 714.0899 seconds
[2026-02-11 09:26:22] Iteration 154 - Probability: 0.36339382379222496, Cumulative time: 724.6908 seconds
[2026-02-11 09:26:33] Iteration 155 - Probability: 0.36339313989599203, Cumulative time: 736.0495 seconds
[2026-02-11 09:26:45] Iteration 156 - Probability: 0.36339313989599203, Cumulative time: 747.8528 seconds
[2026-02-11 09:26:57] Iteration 157 - Probability: 0.36339313989599203, Cumulative time: 759.9215 seconds
[2026-02-11 09:27:08] Iteration 158 - Probability: 0.36339313989599203, Cumulative time: 771.0694 seconds
[2026-02-11 09:27:20] Iteration 159 - Probability: 0.3633925063302475, Cumulative time: 782.9833 seconds
[2026-02-11 09:27:32] Iteration 160 - Probability: 0.3633925063302475, Cumulative time: 794.7394 seconds
[2026-02-11 09:27:43] Iteration 161 - Probability: 0.3633925063302475, Cumulative time: 806.0320 seconds
[2026-02-11 09:27:55] Iteration 162 - Probability: 0.3633925063302475, Cumulative time: 817.7623 seconds
[2026-02-11 09:28:07] Iteration 163 - Probability: 0.3633919182749513, Cumulative time: 829.6142 seconds
[2026-02-11 09:28:18] Iteration 164 - Probability: 0.3633919182749513, Cumulative time: 841.3107 seconds
[2026-02-11 09:28:30] Iteration 165 - Probability: 0.3633919182749513, Cumulative time: 853.2489 seconds
[2026-02-11 09:28:42] Iteration 166 - Probability: 0.3633919182749513, Cumulative time: 865.1654 seconds
[2026-02-11 09:28:54] Iteration 167 - Probability: 0.3633913714735343, Cumulative time: 877.2817 seconds
[2026-02-11 09:29:06] Iteration 168 - Probability: 0.3633913714735343, Cumulative time: 889.3198 seconds
[2026-02-11 09:29:19] Iteration 169 - Probability: 0.3633913714735343, Cumulative time: 901.7942 seconds
[2026-02-11 09:29:32] Iteration 170 - Probability: 0.3633913714735343, Cumulative time: 914.6519 seconds
[2026-02-11 09:29:45] Iteration 171 - Probability: 0.36339086215566496, Cumulative time: 927.4759 seconds
[2026-02-11 09:29:57] Iteration 172 - Probability: 0.36339086215566496, Cumulative time: 939.7191 seconds
[2026-02-11 09:30:10] Iteration 173 - Probability: 0.36339086215566496, Cumulative time: 952.5125 seconds
[2026-02-11 09:30:22] Iteration 174 - Probability: 0.36339086215566496, Cumulative time: 965.2688 seconds
[2026-02-11 09:30:35] Iteration 175 - Probability: 0.3633903869720898, Cumulative time: 978.4168 seconds
[2026-02-11 09:30:49] Iteration 176 - Probability: 0.3633903869720898, Cumulative time: 991.8410 seconds
[2026-02-11 09:31:02] Iteration 177 - Probability: 0.3633903869720898, Cumulative time: 1005.1793 seconds
[2026-02-11 09:31:15] Iteration 178 - Probability: 0.3633903869720898, Cumulative time: 1018.1487 seconds
[2026-02-11 09:31:28] Iteration 179 - Probability: 0.3633899429394379, Cumulative time: 1031.3351 seconds
[2026-02-11 09:31:41] Iteration 180 - Probability: 0.3633899429394379, Cumulative time: 1044.4005 seconds
[2026-02-11 09:31:55] Iteration 181 - Probability: 0.3633899429394379, Cumulative time: 1057.9183 seconds
[2026-02-11 09:32:09] Iteration 182 - Probability: 0.3633899429394379, Cumulative time: 1071.7812 seconds
[2026-02-11 09:32:22] Iteration 183 - Probability: 0.3633895273932853, Cumulative time: 1085.3494 seconds
[2026-02-11 09:32:36] Iteration 184 - Probability: 0.3633895273932853, Cumulative time: 1099.0467 seconds
[2026-02-11 09:32:50] Iteration 185 - Probability: 0.3633895273932853, Cumulative time: 1112.7941 seconds
[2026-02-11 09:33:03] Iteration 186 - Probability: 0.3633895273932853, Cumulative time: 1126.4106 seconds
[2026-02-11 09:33:17] Iteration 187 - Probability: 0.3633891379480963, Cumulative time: 1140.3708 seconds
[2026-02-11 09:33:32] Iteration 188 - Probability: 0.3633891379480963, Cumulative time: 1154.5831 seconds
[2026-02-11 09:33:46] Iteration 189 - Probability: 0.3633891379480963, Cumulative time: 1168.8545 seconds
[2026-02-11 09:34:00] Iteration 190 - Probability: 0.3633891379480963, Cumulative time: 1182.9503 seconds
[2026-02-11 09:34:15] Iteration 191 - Probability: 0.36338877246291407, Cumulative time: 1197.7828 seconds
[2026-02-11 09:34:29] Iteration 192 - Probability: 0.36338877246291407, Cumulative time: 1212.2628 seconds
[2026-02-11 09:34:43] Iteration 193 - Probability: 0.36338877246291407, Cumulative time: 1226.3232 seconds
[2026-02-11 09:34:57] Iteration 194 - Probability: 0.36338877246291407, Cumulative time: 1240.2018 seconds
[2026-02-11 09:35:11] Iteration 195 - Probability: 0.363388429011876, Cumulative time: 1254.3325 seconds
[2026-02-11 09:35:26] Iteration 196 - Probability: 0.363388429011876, Cumulative time: 1268.9507 seconds
[2026-02-11 09:35:41] Iteration 197 - Probability: 0.363388429011876, Cumulative time: 1283.7699 seconds
[2026-02-11 09:35:56] Iteration 198 - Probability: 0.363388429011876, Cumulative time: 1298.7550 seconds
[2026-02-11 09:36:11] Iteration 199 - Probability: 0.3633881058587943, Cumulative time: 1313.9597 seconds
[2026-02-11 09:36:26] Iteration 200 - Probability: 0.3633881058587943, Cumulative time: 1329.1664 seconds
[2026-02-11 09:36:41] Iteration 201 - Probability: 0.3633881058587943, Cumulative time: 1344.1758 seconds
[2026-02-11 09:36:56] Iteration 202 - Probability: 0.3633881058587943, Cumulative time: 1359.2429 seconds
[2026-02-11 09:37:12] Iteration 203 - Probability: 0.3633878014351732, Cumulative time: 1374.6451 seconds
[2026-02-11 09:37:26] Iteration 204 - Probability: 0.3633878014351732, Cumulative time: 1389.3005 seconds
[2026-02-11 09:37:42] Iteration 205 - Probability: 0.3633878014351732, Cumulative time: 1404.4900 seconds
[2026-02-11 09:37:57] Iteration 206 - Probability: 0.3633878014351732, Cumulative time: 1419.7495 seconds
[2026-02-11 09:38:12] Iteration 207 - Probability: 0.36338751432114225, Cumulative time: 1435.4653 seconds
[2026-02-11 09:38:28] Iteration 208 - Probability: 0.36338751432114225, Cumulative time: 1450.5603 seconds
[2026-02-11 09:38:43] Iteration 209 - Probability: 0.36338751432114225, Cumulative time: 1466.1699 seconds
[2026-02-11 09:38:58] Iteration 210 - Probability: 0.36338751432114225, Cumulative time: 1481.4279 seconds
[2026-02-11 09:39:15] Iteration 211 - Probability: 0.36338724322887145, Cumulative time: 1498.0621 seconds
[2026-02-11 09:39:31] Iteration 212 - Probability: 0.36338724322887145, Cumulative time: 1514.1011 seconds
[2026-02-11 09:39:48] Iteration 213 - Probability: 0.36338724322887145, Cumulative time: 1530.6322 seconds
[2026-02-11 09:40:04] Iteration 214 - Probability: 0.36338724322887145, Cumulative time: 1547.0165 seconds
[2026-02-11 09:40:21] Iteration 215 - Probability: 0.36338698698810623, Cumulative time: 1563.8795 seconds
[2026-02-11 09:40:38] Iteration 216 - Probability: 0.36338698698810623, Cumulative time: 1580.6504 seconds
[2026-02-11 09:40:55] Iteration 217 - Probability: 0.36338698698810623, Cumulative time: 1597.5820 seconds
[2026-02-11 09:41:11] Iteration 218 - Probability: 0.36338698698810623, Cumulative time: 1614.1027 seconds
[2026-02-11 09:41:28] Iteration 219 - Probability: 0.36338674453351777, Cumulative time: 1631.2004 seconds
[2026-02-11 09:41:45] Iteration 220 - Probability: 0.36338674453351777, Cumulative time: 1648.1845 seconds
[2026-02-11 09:42:03] Iteration 221 - Probability: 0.36338674453351777, Cumulative time: 1665.9333 seconds
[2026-02-11 09:42:20] Iteration 222 - Probability: 0.36338674453351777, Cumulative time: 1683.4300 seconds
[2026-02-11 09:42:38] Iteration 223 - Probability: 0.36338651489361296, Cumulative time: 1701.1103 seconds
[2026-02-11 09:42:56] Iteration 224 - Probability: 0.36338651489361296, Cumulative time: 1718.6213 seconds
[2026-02-11 09:43:13] Iteration 225 - Probability: 0.36338651489361296, Cumulative time: 1736.0868 seconds
[2026-02-11 09:43:31] Iteration 226 - Probability: 0.36338651489361296, Cumulative time: 1753.7491 seconds
[2026-02-11 09:43:48] Iteration 227 - Probability: 0.3633862971809885, Cumulative time: 1771.2190 seconds
[2026-02-11 09:44:05] Iteration 228 - Probability: 0.3633862971809885, Cumulative time: 1787.9198 seconds
[2026-02-11 09:44:17] ❌ Runtime exceeds 1800 seconds, terminating current experiment
[2026-02-11 09:44:17] ========== Experiment finished: n=128, it=244 ==========
[2026-02-11 09:44:17] Experiment status: timeout, Total runtime: 1800.0010 seconds
[2026-02-11 09:44:17] ==================================================
[2026-02-11 09:44:17] Quantum Random Walk experiment (n=128, it=244) finished
[2026-02-11 09:44:17] ==================================================
