[2026-02-11 10:14:18] Grover experiment log (n=16) initialized
[2026-02-11 10:14:18] ========== Starting experiment: n=16, it=203 ==========
[2026-02-11 10:14:18] Iteration 1 - Probability: 0.5, Cumulative time: 0.0631 seconds
[2026-02-11 10:14:18] Iteration 2 - Probability: 0.25, Cumulative time: 0.1178 seconds
[2026-02-11 10:14:18] Iteration 3 - Probability: 0.125, Cumulative time: 0.2185 seconds
[2026-02-11 10:14:18] Iteration 4 - Probability: 0.0625, Cumulative time: 0.3795 seconds
[2026-02-11 10:14:18] Iteration 5 - Probability: 0.03125, Cumulative time: 0.5931 seconds
[2026-02-11 10:14:19] Iteration 6 - Probability: 0.015625, Cumulative time: 0.8830 seconds
[2026-02-11 10:14:19] Iteration 7 - Probability: 0.0078125, Cumulative time: 1.2183 seconds
[2026-02-11 10:14:19] Iteration 8 - Probability: 0.00390625, Cumulative time: 1.6286 seconds
[2026-02-11 10:14:20] Iteration 9 - Probability: 0.001953125, Cumulative time: 2.0859 seconds
[2026-02-11 10:14:20] Iteration 10 - Probability: 0.0009765625, Cumulative time: 2.6100 seconds
[2026-02-11 10:14:21] Iteration 11 - Probability: 0.00048828125, Cumulative time: 3.1821 seconds
[2026-02-11 10:14:22] Iteration 12 - Probability: 0.000244140625, Cumulative time: 3.8298 seconds
[2026-02-11 10:14:22] Iteration 13 - Probability: 0.0001220703125, Cumulative time: 4.5962 seconds
[2026-02-11 10:14:23] Iteration 14 - Probability: 6.103515625e-05, Cumulative time: 5.3567 seconds
[2026-02-11 10:14:24] Iteration 15 - Probability: 3.0517578125e-05, Cumulative time: 6.2567 seconds
[2026-02-11 10:14:25] Iteration 16 - Probability: 1.52587890625e-05, Cumulative time: 7.1494 seconds
[2026-02-11 10:14:26] Iteration 17 - Probability: 7.62939453125e-06, Cumulative time: 8.0939 seconds
[2026-02-11 10:14:27] Iteration 18 - Probability: 3.814697265625e-06, Cumulative time: 9.1241 seconds
[2026-02-11 10:14:28] Iteration 19 - Probability: 1.9073486328125e-06, Cumulative time: 10.2109 seconds
[2026-02-11 10:14:29] Iteration 20 - Probability: 9.5367431640625e-07, Cumulative time: 11.3559 seconds
[2026-02-11 10:14:30] Iteration 21 - Probability: 4.76837158203125e-07, Cumulative time: 12.5668 seconds
[2026-02-11 10:14:32] Iteration 22 - Probability: 2.384185791015625e-07, Cumulative time: 13.8691 seconds
[2026-02-11 10:14:33] Iteration 23 - Probability: 1.1920928955078125e-07, Cumulative time: 15.2116 seconds
[2026-02-11 10:14:34] Iteration 24 - Probability: 5.960464477539063e-08, Cumulative time: 16.6283 seconds
[2026-02-11 10:14:36] Iteration 25 - Probability: 2.9802322387695312e-08, Cumulative time: 18.1227 seconds
[2026-02-11 10:14:38] Iteration 26 - Probability: 1.4901161193847656e-08, Cumulative time: 19.6883 seconds
[2026-02-11 10:14:39] Iteration 27 - Probability: 7.450580596923828e-09, Cumulative time: 21.3090 seconds
[2026-02-11 10:14:41] Iteration 28 - Probability: 3.725290298461914e-09, Cumulative time: 23.0183 seconds
[2026-02-11 10:14:43] Iteration 29 - Probability: 1.862645149230957e-09, Cumulative time: 24.7797 seconds
[2026-02-11 10:14:44] Iteration 30 - Probability: 9.313225746154785e-10, Cumulative time: 26.6412 seconds
[2026-02-11 10:14:46] Iteration 31 - Probability: 4.656612873077393e-10, Cumulative time: 28.5318 seconds
[2026-02-11 10:14:48] Iteration 32 - Probability: 2.3283064365386963e-10, Cumulative time: 30.5000 seconds
[2026-02-11 10:14:50] Iteration 33 - Probability: 1.1641532182693481e-10, Cumulative time: 32.5734 seconds
[2026-02-11 10:14:53] Iteration 34 - Probability: 5.820766091346741e-11, Cumulative time: 34.7245 seconds
[2026-02-11 10:14:55] Iteration 35 - Probability: 2.9103830456733704e-11, Cumulative time: 36.8919 seconds
[2026-02-11 10:14:57] Iteration 36 - Probability: 1.4551915228366852e-11, Cumulative time: 39.1744 seconds
[2026-02-11 10:14:59] Iteration 37 - Probability: 7.275957614183426e-12, Cumulative time: 41.5235 seconds
[2026-02-11 10:15:02] Iteration 38 - Probability: 3.637978807091713e-12, Cumulative time: 43.9484 seconds
[2026-02-11 10:15:04] Iteration 39 - Probability: 1.8189894035458565e-12, Cumulative time: 46.4775 seconds
[2026-02-11 10:15:07] Iteration 40 - Probability: 9.094947017729282e-13, Cumulative time: 49.0529 seconds
[2026-02-11 10:15:10] Iteration 41 - Probability: 4.547473508864641e-13, Cumulative time: 51.7207 seconds
[2026-02-11 10:15:12] Iteration 42 - Probability: 2.2737367544323206e-13, Cumulative time: 54.4946 seconds
[2026-02-11 10:15:15] Iteration 43 - Probability: 1.1368683772161603e-13, Cumulative time: 57.3681 seconds
[2026-02-11 10:15:18] Iteration 44 - Probability: 5.684341886080802e-14, Cumulative time: 60.3062 seconds
[2026-02-11 10:15:21] Iteration 45 - Probability: 2.842170943040401e-14, Cumulative time: 63.3573 seconds
[2026-02-11 10:15:24] Iteration 46 - Probability: 1.4210854715202004e-14, Cumulative time: 66.4859 seconds
[2026-02-11 10:15:27] Iteration 47 - Probability: 7.105427357601002e-15, Cumulative time: 69.6400 seconds
[2026-02-11 10:15:31] Iteration 48 - Probability: 3.552713678800501e-15, Cumulative time: 72.9118 seconds
[2026-02-11 10:15:34] Iteration 49 - Probability: 1.7763568394002505e-15, Cumulative time: 76.2328 seconds
[2026-02-11 10:15:37] Iteration 50 - Probability: 8.881784197001252e-16, Cumulative time: 79.6341 seconds
[2026-02-11 10:15:41] Iteration 51 - Probability: 4.440892098500626e-16, Cumulative time: 83.1477 seconds
[2026-02-11 10:15:45] Iteration 52 - Probability: 2.220446049250313e-16, Cumulative time: 86.8599 seconds
[2026-02-11 10:15:48] Iteration 53 - Probability: 1.1102230246251565e-16, Cumulative time: 90.5525 seconds
[2026-02-11 10:15:52] Iteration 54 - Probability: 5.551115123125783e-17, Cumulative time: 94.3150 seconds
[2026-02-11 10:15:56] Iteration 55 - Probability: 2.7755575615628914e-17, Cumulative time: 98.1259 seconds
[2026-02-11 10:16:00] Iteration 56 - Probability: 1.3877787807814457e-17, Cumulative time: 102.0344 seconds
[2026-02-11 10:16:04] Iteration 57 - Probability: 6.938893903907228e-18, Cumulative time: 106.0596 seconds
[2026-02-11 10:16:08] Iteration 58 - Probability: 3.469446951953614e-18, Cumulative time: 110.1733 seconds
[2026-02-11 10:16:12] Iteration 59 - Probability: 1.734723475976807e-18, Cumulative time: 114.3656 seconds
[2026-02-11 10:16:17] Iteration 60 - Probability: 8.673617379884035e-19, Cumulative time: 118.6833 seconds
[2026-02-11 10:16:21] Iteration 61 - Probability: 4.336808689942018e-19, Cumulative time: 123.0785 seconds
[2026-02-11 10:16:25] Iteration 62 - Probability: 2.168404344971009e-19, Cumulative time: 127.5363 seconds
[2026-02-11 10:16:30] Iteration 63 - Probability: 1.0842021724855044e-19, Cumulative time: 132.1273 seconds
[2026-02-11 10:16:35] Iteration 64 - Probability: 5.421010862427522e-20, Cumulative time: 136.7515 seconds
[2026-02-11 10:16:39] Iteration 65 - Probability: 2.710505431213761e-20, Cumulative time: 141.5412 seconds
[2026-02-11 10:16:44] Iteration 66 - Probability: 1.3552527156068805e-20, Cumulative time: 146.5745 seconds
[2026-02-11 10:16:49] Iteration 67 - Probability: 6.776263578034403e-21, Cumulative time: 151.4894 seconds
[2026-02-11 10:16:54] Iteration 68 - Probability: 3.3881317890172014e-21, Cumulative time: 156.5309 seconds
[2026-02-11 10:17:00] Iteration 69 - Probability: 1.6940658945086007e-21, Cumulative time: 161.6973 seconds
[2026-02-11 10:17:05] Iteration 70 - Probability: 8.470329472543003e-22, Cumulative time: 166.9382 seconds
[2026-02-11 10:17:10] Iteration 71 - Probability: 4.235164736271502e-22, Cumulative time: 172.3164 seconds
[2026-02-11 10:17:16] Iteration 72 - Probability: 2.117582368135751e-22, Cumulative time: 177.8136 seconds
[2026-02-11 10:17:21] Iteration 73 - Probability: 1.0587911840678754e-22, Cumulative time: 183.3606 seconds
[2026-02-11 10:17:27] Iteration 74 - Probability: 5.293955920339377e-23, Cumulative time: 188.9707 seconds
[2026-02-11 10:17:33] Iteration 75 - Probability: 2.6469779601696886e-23, Cumulative time: 194.7530 seconds
[2026-02-11 10:17:38] Iteration 76 - Probability: 1.3234889800848443e-23, Cumulative time: 200.5505 seconds
[2026-02-11 10:17:44] Iteration 77 - Probability: 6.617444900424222e-24, Cumulative time: 206.4830 seconds
[2026-02-11 10:17:50] Iteration 78 - Probability: 3.308722450212111e-24, Cumulative time: 212.5796 seconds
[2026-02-11 10:17:57] Iteration 79 - Probability: 1.6543612251060553e-24, Cumulative time: 218.7832 seconds
[2026-02-11 10:18:03] Iteration 80 - Probability: 8.271806125530277e-25, Cumulative time: 225.0216 seconds
[2026-02-11 10:18:09] Iteration 81 - Probability: 4.1359030627651384e-25, Cumulative time: 231.4293 seconds
[2026-02-11 10:18:16] Iteration 82 - Probability: 2.0679515313825692e-25, Cumulative time: 237.8258 seconds
[2026-02-11 10:18:22] Iteration 83 - Probability: 1.0339757656912846e-25, Cumulative time: 244.4059 seconds
[2026-02-11 10:18:29] Iteration 84 - Probability: 5.169878828456423e-26, Cumulative time: 251.1087 seconds
[2026-02-11 10:18:36] Iteration 85 - Probability: 2.5849394142282115e-26, Cumulative time: 257.8437 seconds
[2026-02-11 10:18:43] Iteration 86 - Probability: 1.2924697071141057e-26, Cumulative time: 264.7617 seconds
[2026-02-11 10:18:50] Iteration 87 - Probability: 6.462348535570529e-27, Cumulative time: 271.7743 seconds
[2026-02-11 10:18:57] Iteration 88 - Probability: 3.2311742677852644e-27, Cumulative time: 278.8514 seconds
[2026-02-11 10:19:04] Iteration 89 - Probability: 1.6155871338926322e-27, Cumulative time: 286.0320 seconds
[2026-02-11 10:19:11] Iteration 90 - Probability: 8.077935669463161e-28, Cumulative time: 293.3705 seconds
[2026-02-11 10:19:19] Iteration 91 - Probability: 4.0389678347315804e-28, Cumulative time: 300.7585 seconds
[2026-02-11 10:19:26] Iteration 92 - Probability: 2.0194839173657902e-28, Cumulative time: 308.2890 seconds
[2026-02-11 10:19:34] Iteration 93 - Probability: 1.0097419586828951e-28, Cumulative time: 315.9561 seconds
[2026-02-11 10:19:42] Iteration 94 - Probability: 5.048709793414476e-29, Cumulative time: 323.6688 seconds
[2026-02-11 10:19:49] Iteration 95 - Probability: 2.524354896707238e-29, Cumulative time: 331.4378 seconds
[2026-02-11 10:19:57] Iteration 96 - Probability: 1.262177448353619e-29, Cumulative time: 339.4522 seconds
[2026-02-11 10:20:05] Iteration 97 - Probability: 6.310887241768095e-30, Cumulative time: 347.5440 seconds
[2026-02-11 10:20:14] Iteration 98 - Probability: 3.1554436208840472e-30, Cumulative time: 355.7632 seconds
[2026-02-11 10:20:22] Iteration 99 - Probability: 1.5777218104420236e-30, Cumulative time: 364.1561 seconds
[2026-02-11 10:20:30] Iteration 100 - Probability: 7.888609052210118e-31, Cumulative time: 372.5170 seconds
[2026-02-11 10:20:39] Iteration 101 - Probability: 3.944304526105059e-31, Cumulative time: 380.9455 seconds
[2026-02-11 10:20:48] Iteration 102 - Probability: 1.9721522630525295e-31, Cumulative time: 389.7173 seconds
[2026-02-11 10:20:56] Iteration 103 - Probability: 9.860761315262648e-32, Cumulative time: 398.4760 seconds
[2026-02-11 10:21:05] Iteration 104 - Probability: 4.930380657631324e-32, Cumulative time: 407.2796 seconds
[2026-02-11 10:21:14] Iteration 105 - Probability: 2.465190328815662e-32, Cumulative time: 416.3827 seconds
[2026-02-11 10:21:23] Iteration 106 - Probability: 1.232595164407831e-32, Cumulative time: 425.4523 seconds
[2026-02-11 10:21:32] Iteration 107 - Probability: 6.162975822039155e-33, Cumulative time: 434.6350 seconds
[2026-02-11 10:21:42] Iteration 108 - Probability: 3.0814879110195774e-33, Cumulative time: 444.0675 seconds
[2026-02-11 10:21:51] Iteration 109 - Probability: 1.5407439555097887e-33, Cumulative time: 453.5427 seconds
[2026-02-11 10:22:01] Iteration 110 - Probability: 7.703719777548943e-34, Cumulative time: 463.1294 seconds
[2026-02-11 10:22:11] Iteration 111 - Probability: 3.851859888774472e-34, Cumulative time: 472.8143 seconds
[2026-02-11 10:22:20] Iteration 112 - Probability: 1.925929944387236e-34, Cumulative time: 482.5801 seconds
[2026-02-11 10:22:30] Iteration 113 - Probability: 9.62964972193618e-35, Cumulative time: 492.4966 seconds
[2026-02-11 10:22:40] Iteration 114 - Probability: 4.81482486096809e-35, Cumulative time: 502.6464 seconds
[2026-02-11 10:22:51] Iteration 115 - Probability: 2.407412430484045e-35, Cumulative time: 512.8204 seconds
[2026-02-11 10:23:01] Iteration 116 - Probability: 1.2037062152420224e-35, Cumulative time: 523.0017 seconds
[2026-02-11 10:23:11] Iteration 117 - Probability: 6.018531076210112e-36, Cumulative time: 533.4687 seconds
[2026-02-11 10:23:22] Iteration 118 - Probability: 3.009265538105056e-36, Cumulative time: 544.0094 seconds
[2026-02-11 10:23:32] Iteration 119 - Probability: 1.504632769052528e-36, Cumulative time: 554.6425 seconds
[2026-02-11 10:23:43] Iteration 120 - Probability: 7.52316384526264e-37, Cumulative time: 565.5389 seconds
[2026-02-11 10:23:54] Iteration 121 - Probability: 3.76158192263132e-37, Cumulative time: 576.4456 seconds
[2026-02-11 10:24:05] Iteration 122 - Probability: 1.88079096131566e-37, Cumulative time: 587.5103 seconds
[2026-02-11 10:24:17] Iteration 123 - Probability: 9.4039548065783e-38, Cumulative time: 598.7453 seconds
[2026-02-11 10:24:28] Iteration 124 - Probability: 4.70197740328915e-38, Cumulative time: 610.0475 seconds
[2026-02-11 10:24:39] Iteration 125 - Probability: 2.350988701644575e-38, Cumulative time: 621.5690 seconds
[2026-02-11 10:24:51] Iteration 126 - Probability: 1.1754943508222875e-38, Cumulative time: 633.1745 seconds
[2026-02-11 10:25:03] Iteration 127 - Probability: 5.877471754111438e-39, Cumulative time: 644.9680 seconds
[2026-02-11 10:25:15] Iteration 128 - Probability: 2.938735877055719e-39, Cumulative time: 656.7555 seconds
[2026-02-11 10:25:27] Iteration 129 - Probability: 1.4693679385278594e-39, Cumulative time: 668.9062 seconds
[2026-02-11 10:25:39] Iteration 130 - Probability: 7.346839692639297e-40, Cumulative time: 681.1723 seconds
[2026-02-11 10:25:51] Iteration 131 - Probability: 3.6734198463196485e-40, Cumulative time: 693.6108 seconds
[2026-02-11 10:26:04] Iteration 132 - Probability: 1.8367099231598242e-40, Cumulative time: 705.8688 seconds
[2026-02-11 10:26:16] Iteration 133 - Probability: 9.183549615799121e-41, Cumulative time: 718.4957 seconds
[2026-02-11 10:26:29] Iteration 134 - Probability: 4.591774807899561e-41, Cumulative time: 731.0523 seconds
[2026-02-11 10:26:42] Iteration 135 - Probability: 2.2958874039497803e-41, Cumulative time: 743.8530 seconds
[2026-02-11 10:26:55] Iteration 136 - Probability: 1.1479437019748901e-41, Cumulative time: 756.7101 seconds
[2026-02-11 10:27:08] Iteration 137 - Probability: 5.739718509874451e-42, Cumulative time: 769.7909 seconds
[2026-02-11 10:27:21] Iteration 138 - Probability: 2.8698592549372254e-42, Cumulative time: 782.8964 seconds
[2026-02-11 10:27:34] Iteration 139 - Probability: 1.4349296274686127e-42, Cumulative time: 796.3052 seconds
[2026-02-11 10:27:48] Iteration 140 - Probability: 7.174648137343064e-43, Cumulative time: 809.6633 seconds
[2026-02-11 10:28:01] Iteration 141 - Probability: 3.587324068671532e-43, Cumulative time: 823.1905 seconds
[2026-02-11 10:28:15] Iteration 142 - Probability: 1.793662034335766e-43, Cumulative time: 836.9348 seconds
[2026-02-11 10:28:29] Iteration 143 - Probability: 8.96831017167883e-44, Cumulative time: 850.9740 seconds
[2026-02-11 10:28:43] Iteration 144 - Probability: 4.484155085839415e-44, Cumulative time: 865.0956 seconds
[2026-02-11 10:28:57] Iteration 145 - Probability: 2.2420775429197073e-44, Cumulative time: 879.3304 seconds
[2026-02-11 10:29:12] Iteration 146 - Probability: 1.1210387714598537e-44, Cumulative time: 893.7028 seconds
[2026-02-11 10:29:26] Iteration 147 - Probability: 5.605193857299268e-45, Cumulative time: 908.2638 seconds
[2026-02-11 10:29:41] Iteration 148 - Probability: 2.802596928649634e-45, Cumulative time: 922.8946 seconds
[2026-02-11 10:29:56] Iteration 149 - Probability: 1.401298464324817e-45, Cumulative time: 937.6987 seconds
[2026-02-11 10:30:10] Iteration 150 - Probability: 7.006492321624085e-46, Cumulative time: 952.5616 seconds
[2026-02-11 10:30:25] Iteration 151 - Probability: 3.503246160812043e-46, Cumulative time: 967.5276 seconds
[2026-02-11 10:30:41] Iteration 152 - Probability: 1.7516230804060213e-46, Cumulative time: 982.8121 seconds
[2026-02-11 10:30:56] Iteration 153 - Probability: 8.758115402030107e-47, Cumulative time: 998.3797 seconds
[2026-02-11 10:31:12] Iteration 154 - Probability: 4.3790577010150533e-47, Cumulative time: 1013.7757 seconds
[2026-02-11 10:31:27] Iteration 155 - Probability: 2.1895288505075267e-47, Cumulative time: 1029.3398 seconds
[2026-02-11 10:31:43] Iteration 156 - Probability: 1.0947644252537633e-47, Cumulative time: 1045.1924 seconds
[2026-02-11 10:31:59] Iteration 157 - Probability: 5.473822126268817e-48, Cumulative time: 1061.2353 seconds
[2026-02-11 10:32:15] Iteration 158 - Probability: 2.7369110631344083e-48, Cumulative time: 1077.3093 seconds
[2026-02-11 10:32:31] Iteration 159 - Probability: 1.3684555315672042e-48, Cumulative time: 1093.3969 seconds
[2026-02-11 10:32:48] Iteration 160 - Probability: 6.842277657836021e-49, Cumulative time: 1109.8813 seconds
[2026-02-11 10:33:04] Iteration 161 - Probability: 3.4211388289180104e-49, Cumulative time: 1126.4299 seconds
[2026-02-11 10:33:21] Iteration 162 - Probability: 1.7105694144590052e-49, Cumulative time: 1143.0770 seconds
[2026-02-11 10:33:38] Iteration 163 - Probability: 8.552847072295026e-50, Cumulative time: 1160.4540 seconds
[2026-02-11 10:33:55] Iteration 164 - Probability: 4.276423536147513e-50, Cumulative time: 1177.4744 seconds
[2026-02-11 10:34:13] Iteration 165 - Probability: 2.1382117680737565e-50, Cumulative time: 1194.7118 seconds
[2026-02-11 10:34:30] Iteration 166 - Probability: 1.0691058840368783e-50, Cumulative time: 1211.9910 seconds
[2026-02-11 10:34:47] Iteration 167 - Probability: 5.345529420184391e-51, Cumulative time: 1229.4603 seconds
[2026-02-11 10:35:05] Iteration 168 - Probability: 2.6727647100921956e-51, Cumulative time: 1247.0601 seconds
[2026-02-11 10:35:23] Iteration 169 - Probability: 1.3363823550460978e-51, Cumulative time: 1264.9363 seconds
[2026-02-11 10:35:41] Iteration 170 - Probability: 6.681911775230489e-52, Cumulative time: 1282.8625 seconds
[2026-02-11 10:35:59] Iteration 171 - Probability: 3.3409558876152446e-52, Cumulative time: 1301.1663 seconds
[2026-02-11 10:36:17] Iteration 172 - Probability: 1.6704779438076223e-52, Cumulative time: 1319.4141 seconds
[2026-02-11 10:36:36] Iteration 173 - Probability: 8.352389719038111e-53, Cumulative time: 1337.9635 seconds
[2026-02-11 10:36:54] Iteration 174 - Probability: 4.176194859519056e-53, Cumulative time: 1356.6436 seconds
[2026-02-11 10:37:13] Iteration 175 - Probability: 2.088097429759528e-53, Cumulative time: 1375.4358 seconds
[2026-02-11 10:37:32] Iteration 176 - Probability: 1.044048714879764e-53, Cumulative time: 1394.4940 seconds
[2026-02-11 10:37:51] Iteration 177 - Probability: 5.22024357439882e-54, Cumulative time: 1413.4977 seconds
[2026-02-11 10:38:11] Iteration 178 - Probability: 2.61012178719941e-54, Cumulative time: 1432.7735 seconds
[2026-02-11 10:38:30] Iteration 179 - Probability: 1.305060893599705e-54, Cumulative time: 1452.0861 seconds
[2026-02-11 10:38:49] Iteration 180 - Probability: 6.525304467998525e-55, Cumulative time: 1471.6050 seconds
[2026-02-11 10:39:09] Iteration 181 - Probability: 3.2626522339992623e-55, Cumulative time: 1491.5081 seconds
[2026-02-11 10:39:29] Iteration 182 - Probability: 1.6313261169996311e-55, Cumulative time: 1511.5707 seconds
[2026-02-11 10:39:49] Iteration 183 - Probability: 8.156630584998156e-56, Cumulative time: 1531.5309 seconds
[2026-02-11 10:40:10] Iteration 184 - Probability: 4.078315292499078e-56, Cumulative time: 1551.8375 seconds
[2026-02-11 10:40:30] Iteration 185 - Probability: 2.039157646249539e-56, Cumulative time: 1572.5492 seconds
[2026-02-11 10:40:51] Iteration 186 - Probability: 1.0195788231247695e-56, Cumulative time: 1593.0309 seconds
[2026-02-11 10:41:12] Iteration 187 - Probability: 5.0978941156238473e-57, Cumulative time: 1613.7837 seconds
[2026-02-11 10:41:33] Iteration 188 - Probability: 2.5489470578119236e-57, Cumulative time: 1634.8353 seconds
[2026-02-11 10:41:54] Iteration 189 - Probability: 1.2744735289059618e-57, Cumulative time: 1655.7917 seconds
[2026-02-11 10:42:15] Iteration 190 - Probability: 6.372367644529809e-58, Cumulative time: 1676.8943 seconds
[2026-02-11 10:42:36] Iteration 191 - Probability: 3.1861838222649046e-58, Cumulative time: 1698.4651 seconds
[2026-02-11 10:42:58] Iteration 192 - Probability: 1.5930919111324523e-58, Cumulative time: 1719.8452 seconds
[2026-02-11 10:43:20] Iteration 193 - Probability: 7.965459555662261e-59, Cumulative time: 1741.8104 seconds
[2026-02-11 10:43:42] Iteration 194 - Probability: 3.982729777831131e-59, Cumulative time: 1763.7389 seconds
[2026-02-11 10:44:04] Iteration 195 - Probability: 1.9913648889155653e-59, Cumulative time: 1785.7985 seconds
[2026-02-11 10:44:18] ❌ Runtime exceeds 1800 seconds, terminating current experiment
[2026-02-11 10:44:18] ========== Experiment finished: n=16, it=203 ==========
[2026-02-11 10:44:18] Experiment status: timeout, Total runtime: 1800.0065 seconds
[2026-02-11 10:44:18] ==================================================
[2026-02-11 10:44:18] Grover experiment (n=16, it=203) finished
[2026-02-11 10:44:18] ==================================================
